<?xml version="1.0" encoding="UTF-8"?>
<!-- Generated by org.testng.reporters.JUnitXMLReporter -->
<testsuite ignored="0" hostname="Oscars-MacBook-Pro.local" failures="0" tests="4" name="Regression2" time="12.022" errors="0" timestamp="2023-01-22T15:22:40 CET">
  <testcase classname="selenium_tests.HomePageTests" name="addFeaturedProductsToCart" time="4.108"/>
  <testcase classname="selenium_tests.HomePageTests" name="commercialInfoToBeVisible" time="1.119"/>
  <testcase classname="selenium_tests.HomePageTests" name="featuredProductsToBeVisible" time="1.189"/>
  <testcase classname="selenium_tests.HomePageTests" name="findMoreButtonNavigation" time="1.533"/>
</testsuite> <!-- Regression2 -->
