<?xml version="1.0" encoding="UTF-8"?>
<testng-results ignored="0" total="28" passed="11" failed="0" skipped="17">
  <reporter-output>
  </reporter-output>
  <suite started-at="2023-03-21T00:44:36 CET" name="TestSuite1" finished-at="2023-03-21T00:45:24 CET" duration-ms="48481">
    <groups>
    </groups>
    <test started-at="2023-03-21T00:44:36 CET" name="Home page tests" finished-at="2023-03-21T00:44:44 CET" duration-ms="8654">
      <class name="selenium_tests.HomePageTests">
        <test-method is-config="true" signature="launchBrowser(java.lang.String)[pri:0, instance:selenium_tests.HomePageTests@7fd8c559]" started-at="2023-03-21T00:44:36 CET" name="launchBrowser" finished-at="2023-03-21T00:44:42 CET" duration-ms="6033" status="FAIL">
          <params>
            <param index="0">
              <value>
                <![CDATA[chrome]]>
              </value>
            </param>
          </params>
          <exception class="org.openqa.selenium.remote.http.ConnectionFailedException">
            <message>
              <![CDATA[Unable to establish websocket connection to http://localhost:51277/devtools/browser/e5f06579-3cc8-4555-8e2e-a154f86e7c47
Build info: version: '4.7.2', revision: '4d4020c3b7'
System info: os.name: 'Mac OS X', os.arch: 'x86_64', os.version: '13.1', java.version: '19.0.1'
Driver info: driver.version: ChromeDriver]]>
            </message>
            <full-stacktrace>
              <![CDATA[org.openqa.selenium.remote.http.ConnectionFailedException: Unable to establish websocket connection to http://localhost:51277/devtools/browser/e5f06579-3cc8-4555-8e2e-a154f86e7c47
Build info: version: '4.7.2', revision: '4d4020c3b7'
System info: os.name: 'Mac OS X', os.arch: 'x86_64', os.version: '13.1', java.version: '19.0.1'
Driver info: driver.version: ChromeDriver
at org.openqa.selenium.remote.http.netty.NettyWebSocket.<init>(NettyWebSocket.java:102)
at org.openqa.selenium.remote.http.netty.NettyWebSocket.lambda$create$3(NettyWebSocket.java:128)
at org.openqa.selenium.remote.http.netty.NettyClient.openSocket(NettyClient.java:107)
at org.openqa.selenium.devtools.Connection.<init>(Connection.java:78)
at org.openqa.selenium.chromium.ChromiumDriver.lambda$new$2(ChromiumDriver.java:116)
at java.base/java.util.Optional.map(Optional.java:260)
at org.openqa.selenium.chromium.ChromiumDriver.<init>(ChromiumDriver.java:114)
at org.openqa.selenium.chrome.ChromeDriver.<init>(ChromeDriver.java:82)
at org.openqa.selenium.chrome.ChromeDriver.<init>(ChromeDriver.java:71)
at selenium_tests.BaseTest.launchBrowser(BaseTest.java:48)
at java.base/jdk.internal.reflect.DirectMethodHandleAccessor.invoke(DirectMethodHandleAccessor.java:104)
at java.base/java.lang.reflect.Method.invoke(Method.java:578)
at org.testng.internal.invokers.MethodInvocationHelper.invokeMethod(MethodInvocationHelper.java:139)
at org.testng.internal.invokers.MethodInvocationHelper.invokeMethodConsideringTimeout(MethodInvocationHelper.java:69)
at org.testng.internal.invokers.ConfigInvoker.invokeConfigurationMethod(ConfigInvoker.java:361)
at org.testng.internal.invokers.ConfigInvoker.invokeConfigurations(ConfigInvoker.java:296)
at org.testng.internal.invokers.TestInvoker.runConfigMethods(TestInvoker.java:823)
at org.testng.internal.invokers.TestInvoker.invokeMethod(TestInvoker.java:590)
at org.testng.internal.invokers.TestInvoker.invokeTestMethod(TestInvoker.java:221)
at org.testng.internal.invokers.MethodRunner.runInSequence(MethodRunner.java:50)
at org.testng.internal.invokers.TestInvoker$MethodInvocationAgent.invoke(TestInvoker.java:969)
at org.testng.internal.invokers.TestInvoker.invokeTestMethods(TestInvoker.java:194)
at org.testng.internal.invokers.TestMethodWorker.invokeTestMethods(TestMethodWorker.java:148)
at org.testng.internal.invokers.TestMethodWorker.run(TestMethodWorker.java:128)
at java.base/java.util.ArrayList.forEach(ArrayList.java:1511)
at org.testng.TestRunner.privateRun(TestRunner.java:829)
at org.testng.TestRunner.run(TestRunner.java:602)
at org.testng.SuiteRunner.runTest(SuiteRunner.java:437)
at org.testng.SuiteRunner$SuiteWorker.run(SuiteRunner.java:475)
at org.testng.internal.thread.ThreadUtil.lambda$execute$0(ThreadUtil.java:58)
at java.base/java.util.concurrent.FutureTask.run(FutureTask.java:317)
at java.base/java.util.concurrent.ThreadPoolExecutor.runWorker(ThreadPoolExecutor.java:1144)
at java.base/java.util.concurrent.ThreadPoolExecutor$Worker.run(ThreadPoolExecutor.java:642)
at java.base/java.lang.Thread.run(Thread.java:1589)
]]>
            </full-stacktrace>
          </exception> <!-- org.openqa.selenium.remote.http.ConnectionFailedException -->
          <reporter-output>
          </reporter-output>
        </test-method> <!-- launchBrowser -->
        <test-method is-config="true" signature="initPageObjects()[pri:0, instance:selenium_tests.HomePageTests@7fd8c559]" started-at="2023-03-21T00:44:42 CET" name="initPageObjects" finished-at="2023-03-21T00:44:42 CET" duration-ms="0" status="SKIP">
          <reporter-output>
          </reporter-output>
        </test-method> <!-- initPageObjects -->
        <test-method signature="addFeaturedProductsToCart()[pri:0, instance:selenium_tests.HomePageTests@7fd8c559]" started-at="2023-03-21T00:44:42 CET" name="addFeaturedProductsToCart" finished-at="2023-03-21T00:44:42 CET" duration-ms="0" status="SKIP">
          <exception class="org.openqa.selenium.remote.http.ConnectionFailedException">
            <message>
              <![CDATA[Unable to establish websocket connection to http://localhost:51277/devtools/browser/e5f06579-3cc8-4555-8e2e-a154f86e7c47
Build info: version: '4.7.2', revision: '4d4020c3b7'
System info: os.name: 'Mac OS X', os.arch: 'x86_64', os.version: '13.1', java.version: '19.0.1'
Driver info: driver.version: ChromeDriver]]>
            </message>
            <full-stacktrace>
              <![CDATA[org.openqa.selenium.remote.http.ConnectionFailedException: Unable to establish websocket connection to http://localhost:51277/devtools/browser/e5f06579-3cc8-4555-8e2e-a154f86e7c47
Build info: version: '4.7.2', revision: '4d4020c3b7'
System info: os.name: 'Mac OS X', os.arch: 'x86_64', os.version: '13.1', java.version: '19.0.1'
Driver info: driver.version: ChromeDriver
at org.openqa.selenium.remote.http.netty.NettyWebSocket.<init>(NettyWebSocket.java:102)
at org.openqa.selenium.remote.http.netty.NettyWebSocket.lambda$create$3(NettyWebSocket.java:128)
at org.openqa.selenium.remote.http.netty.NettyClient.openSocket(NettyClient.java:107)
at org.openqa.selenium.devtools.Connection.<init>(Connection.java:78)
at org.openqa.selenium.chromium.ChromiumDriver.lambda$new$2(ChromiumDriver.java:116)
at java.base/java.util.Optional.map(Optional.java:260)
at org.openqa.selenium.chromium.ChromiumDriver.<init>(ChromiumDriver.java:114)
at org.openqa.selenium.chrome.ChromeDriver.<init>(ChromeDriver.java:82)
at org.openqa.selenium.chrome.ChromeDriver.<init>(ChromeDriver.java:71)
at selenium_tests.BaseTest.launchBrowser(BaseTest.java:48)
at java.base/jdk.internal.reflect.DirectMethodHandleAccessor.invoke(DirectMethodHandleAccessor.java:104)
at java.base/java.lang.reflect.Method.invoke(Method.java:578)
at org.testng.internal.invokers.MethodInvocationHelper.invokeMethod(MethodInvocationHelper.java:139)
at org.testng.internal.invokers.MethodInvocationHelper.invokeMethodConsideringTimeout(MethodInvocationHelper.java:69)
at org.testng.internal.invokers.ConfigInvoker.invokeConfigurationMethod(ConfigInvoker.java:361)
at org.testng.internal.invokers.ConfigInvoker.invokeConfigurations(ConfigInvoker.java:296)
at org.testng.internal.invokers.TestInvoker.runConfigMethods(TestInvoker.java:823)
at org.testng.internal.invokers.TestInvoker.invokeMethod(TestInvoker.java:590)
at org.testng.internal.invokers.TestInvoker.invokeTestMethod(TestInvoker.java:221)
at org.testng.internal.invokers.MethodRunner.runInSequence(MethodRunner.java:50)
at org.testng.internal.invokers.TestInvoker$MethodInvocationAgent.invoke(TestInvoker.java:969)
at org.testng.internal.invokers.TestInvoker.invokeTestMethods(TestInvoker.java:194)
at org.testng.internal.invokers.TestMethodWorker.invokeTestMethods(TestMethodWorker.java:148)
at org.testng.internal.invokers.TestMethodWorker.run(TestMethodWorker.java:128)
at java.base/java.util.ArrayList.forEach(ArrayList.java:1511)
at org.testng.TestRunner.privateRun(TestRunner.java:829)
at org.testng.TestRunner.run(TestRunner.java:602)
at org.testng.SuiteRunner.runTest(SuiteRunner.java:437)
at org.testng.SuiteRunner$SuiteWorker.run(SuiteRunner.java:475)
at org.testng.internal.thread.ThreadUtil.lambda$execute$0(ThreadUtil.java:58)
at java.base/java.util.concurrent.FutureTask.run(FutureTask.java:317)
at java.base/java.util.concurrent.ThreadPoolExecutor.runWorker(ThreadPoolExecutor.java:1144)
at java.base/java.util.concurrent.ThreadPoolExecutor$Worker.run(ThreadPoolExecutor.java:642)
at java.base/java.lang.Thread.run(Thread.java:1589)
]]>
            </full-stacktrace>
          </exception> <!-- org.openqa.selenium.remote.http.ConnectionFailedException -->
          <reporter-output>
          </reporter-output>
        </test-method> <!-- addFeaturedProductsToCart -->
        <test-method is-config="true" signature="tearDown(org.testng.ITestResult)[pri:0, instance:selenium_tests.HomePageTests@7fd8c559]" started-at="2023-03-21T00:44:42 CET" name="tearDown" finished-at="2023-03-21T00:44:42 CET" duration-ms="11" status="FAIL">
          <params>
            <param index="0">
              <value>
                <![CDATA[[TestResult name={null} status=CREATED method=HomePageTests.addFeaturedProductsToCart()[pri:0, instance:selenium_tests.HomePageTests@7fd8c559] output={null}]]]>
              </value>
            </param>
          </params>
          <exception class="java.lang.NullPointerException">
            <message>
              <![CDATA[Cannot invoke "org.openqa.selenium.WebDriver.close()" because the return value of "selenium_tests.BaseTest.getDriver()" is null]]>
            </message>
            <full-stacktrace>
              <![CDATA[java.lang.NullPointerException: Cannot invoke "org.openqa.selenium.WebDriver.close()" because the return value of "selenium_tests.BaseTest.getDriver()" is null
at selenium_tests.BaseTest.tearDown(BaseTest.java:82)
at java.base/jdk.internal.reflect.DirectMethodHandleAccessor.invoke(DirectMethodHandleAccessor.java:104)
at java.base/java.lang.reflect.Method.invoke(Method.java:578)
at org.testng.internal.invokers.MethodInvocationHelper.invokeMethod(MethodInvocationHelper.java:139)
at org.testng.internal.invokers.MethodInvocationHelper.invokeMethodConsideringTimeout(MethodInvocationHelper.java:69)
at org.testng.internal.invokers.ConfigInvoker.invokeConfigurationMethod(ConfigInvoker.java:361)
at org.testng.internal.invokers.ConfigInvoker.invokeConfigurations(ConfigInvoker.java:296)
at org.testng.internal.invokers.TestInvoker.runConfigMethods(TestInvoker.java:823)
at org.testng.internal.invokers.TestInvoker.runAfterConfigurations(TestInvoker.java:792)
at org.testng.internal.invokers.TestInvoker.invokeMethod(TestInvoker.java:613)
at org.testng.internal.invokers.TestInvoker.invokeTestMethod(TestInvoker.java:221)
at org.testng.internal.invokers.MethodRunner.runInSequence(MethodRunner.java:50)
at org.testng.internal.invokers.TestInvoker$MethodInvocationAgent.invoke(TestInvoker.java:969)
at org.testng.internal.invokers.TestInvoker.invokeTestMethods(TestInvoker.java:194)
at org.testng.internal.invokers.TestMethodWorker.invokeTestMethods(TestMethodWorker.java:148)
at org.testng.internal.invokers.TestMethodWorker.run(TestMethodWorker.java:128)
at java.base/java.util.ArrayList.forEach(ArrayList.java:1511)
at org.testng.TestRunner.privateRun(TestRunner.java:829)
at org.testng.TestRunner.run(TestRunner.java:602)
at org.testng.SuiteRunner.runTest(SuiteRunner.java:437)
at org.testng.SuiteRunner$SuiteWorker.run(SuiteRunner.java:475)
at org.testng.internal.thread.ThreadUtil.lambda$execute$0(ThreadUtil.java:58)
at java.base/java.util.concurrent.FutureTask.run(FutureTask.java:317)
at java.base/java.util.concurrent.ThreadPoolExecutor.runWorker(ThreadPoolExecutor.java:1144)
at java.base/java.util.concurrent.ThreadPoolExecutor$Worker.run(ThreadPoolExecutor.java:642)
at java.base/java.lang.Thread.run(Thread.java:1589)
]]>
            </full-stacktrace>
          </exception> <!-- java.lang.NullPointerException -->
          <reporter-output>
          </reporter-output>
        </test-method> <!-- tearDown -->
        <test-method is-config="true" signature="launchBrowser(java.lang.String)[pri:0, instance:selenium_tests.HomePageTests@7fd8c559]" started-at="2023-03-21T00:44:42 CET" name="launchBrowser" finished-at="2023-03-21T00:44:43 CET" duration-ms="810" status="FAIL">
          <params>
            <param index="0">
              <value>
                <![CDATA[chrome]]>
              </value>
            </param>
          </params>
          <exception class="org.openqa.selenium.remote.http.ConnectionFailedException">
            <message>
              <![CDATA[Unable to establish websocket connection to http://localhost:51303/devtools/browser/93d01b38-4335-4cde-9a54-ac8cef4b7a06
Build info: version: '4.7.2', revision: '4d4020c3b7'
System info: os.name: 'Mac OS X', os.arch: 'x86_64', os.version: '13.1', java.version: '19.0.1'
Driver info: driver.version: ChromeDriver]]>
            </message>
            <full-stacktrace>
              <![CDATA[org.openqa.selenium.remote.http.ConnectionFailedException: Unable to establish websocket connection to http://localhost:51303/devtools/browser/93d01b38-4335-4cde-9a54-ac8cef4b7a06
Build info: version: '4.7.2', revision: '4d4020c3b7'
System info: os.name: 'Mac OS X', os.arch: 'x86_64', os.version: '13.1', java.version: '19.0.1'
Driver info: driver.version: ChromeDriver
at org.openqa.selenium.remote.http.netty.NettyWebSocket.<init>(NettyWebSocket.java:102)
at org.openqa.selenium.remote.http.netty.NettyWebSocket.lambda$create$3(NettyWebSocket.java:128)
at org.openqa.selenium.remote.http.netty.NettyClient.openSocket(NettyClient.java:107)
at org.openqa.selenium.devtools.Connection.<init>(Connection.java:78)
at org.openqa.selenium.chromium.ChromiumDriver.lambda$new$2(ChromiumDriver.java:116)
at java.base/java.util.Optional.map(Optional.java:260)
at org.openqa.selenium.chromium.ChromiumDriver.<init>(ChromiumDriver.java:114)
at org.openqa.selenium.chrome.ChromeDriver.<init>(ChromeDriver.java:82)
at org.openqa.selenium.chrome.ChromeDriver.<init>(ChromeDriver.java:71)
at selenium_tests.BaseTest.launchBrowser(BaseTest.java:48)
at java.base/jdk.internal.reflect.DirectMethodHandleAccessor.invoke(DirectMethodHandleAccessor.java:104)
at java.base/java.lang.reflect.Method.invoke(Method.java:578)
at org.testng.internal.invokers.MethodInvocationHelper.invokeMethod(MethodInvocationHelper.java:139)
at org.testng.internal.invokers.MethodInvocationHelper.invokeMethodConsideringTimeout(MethodInvocationHelper.java:69)
at org.testng.internal.invokers.ConfigInvoker.invokeConfigurationMethod(ConfigInvoker.java:361)
at org.testng.internal.invokers.ConfigInvoker.invokeConfigurations(ConfigInvoker.java:296)
at org.testng.internal.invokers.TestInvoker.runConfigMethods(TestInvoker.java:823)
at org.testng.internal.invokers.TestInvoker.invokeMethod(TestInvoker.java:590)
at org.testng.internal.invokers.TestInvoker.invokeTestMethod(TestInvoker.java:221)
at org.testng.internal.invokers.MethodRunner.runInSequence(MethodRunner.java:50)
at org.testng.internal.invokers.TestInvoker$MethodInvocationAgent.invoke(TestInvoker.java:969)
at org.testng.internal.invokers.TestInvoker.invokeTestMethods(TestInvoker.java:194)
at org.testng.internal.invokers.TestMethodWorker.invokeTestMethods(TestMethodWorker.java:148)
at org.testng.internal.invokers.TestMethodWorker.run(TestMethodWorker.java:128)
at java.base/java.util.ArrayList.forEach(ArrayList.java:1511)
at org.testng.TestRunner.privateRun(TestRunner.java:829)
at org.testng.TestRunner.run(TestRunner.java:602)
at org.testng.SuiteRunner.runTest(SuiteRunner.java:437)
at org.testng.SuiteRunner$SuiteWorker.run(SuiteRunner.java:475)
at org.testng.internal.thread.ThreadUtil.lambda$execute$0(ThreadUtil.java:58)
at java.base/java.util.concurrent.FutureTask.run(FutureTask.java:317)
at java.base/java.util.concurrent.ThreadPoolExecutor.runWorker(ThreadPoolExecutor.java:1144)
at java.base/java.util.concurrent.ThreadPoolExecutor$Worker.run(ThreadPoolExecutor.java:642)
at java.base/java.lang.Thread.run(Thread.java:1589)
]]>
            </full-stacktrace>
          </exception> <!-- org.openqa.selenium.remote.http.ConnectionFailedException -->
          <reporter-output>
          </reporter-output>
        </test-method> <!-- launchBrowser -->
        <test-method is-config="true" signature="initPageObjects()[pri:0, instance:selenium_tests.HomePageTests@7fd8c559]" started-at="2023-03-21T00:44:43 CET" name="initPageObjects" finished-at="2023-03-21T00:44:43 CET" duration-ms="0" status="SKIP">
          <reporter-output>
          </reporter-output>
        </test-method> <!-- initPageObjects -->
        <test-method signature="commercialInfoToBeVisible()[pri:0, instance:selenium_tests.HomePageTests@7fd8c559]" started-at="2023-03-21T00:44:43 CET" name="commercialInfoToBeVisible" finished-at="2023-03-21T00:44:43 CET" duration-ms="0" status="SKIP">
          <exception class="java.lang.NullPointerException">
            <message>
              <![CDATA[Cannot invoke "org.openqa.selenium.WebDriver.close()" because the return value of "selenium_tests.BaseTest.getDriver()" is null]]>
            </message>
            <full-stacktrace>
              <![CDATA[java.lang.NullPointerException: Cannot invoke "org.openqa.selenium.WebDriver.close()" because the return value of "selenium_tests.BaseTest.getDriver()" is null
at selenium_tests.BaseTest.tearDown(BaseTest.java:82)
at java.base/jdk.internal.reflect.DirectMethodHandleAccessor.invoke(DirectMethodHandleAccessor.java:104)
at java.base/java.lang.reflect.Method.invoke(Method.java:578)
at org.testng.internal.invokers.MethodInvocationHelper.invokeMethod(MethodInvocationHelper.java:139)
at org.testng.internal.invokers.MethodInvocationHelper.invokeMethodConsideringTimeout(MethodInvocationHelper.java:69)
at org.testng.internal.invokers.ConfigInvoker.invokeConfigurationMethod(ConfigInvoker.java:361)
at org.testng.internal.invokers.ConfigInvoker.invokeConfigurations(ConfigInvoker.java:296)
at org.testng.internal.invokers.TestInvoker.runConfigMethods(TestInvoker.java:823)
at org.testng.internal.invokers.TestInvoker.runAfterConfigurations(TestInvoker.java:792)
at org.testng.internal.invokers.TestInvoker.invokeMethod(TestInvoker.java:613)
at org.testng.internal.invokers.TestInvoker.invokeTestMethod(TestInvoker.java:221)
at org.testng.internal.invokers.MethodRunner.runInSequence(MethodRunner.java:50)
at org.testng.internal.invokers.TestInvoker$MethodInvocationAgent.invoke(TestInvoker.java:969)
at org.testng.internal.invokers.TestInvoker.invokeTestMethods(TestInvoker.java:194)
at org.testng.internal.invokers.TestMethodWorker.invokeTestMethods(TestMethodWorker.java:148)
at org.testng.internal.invokers.TestMethodWorker.run(TestMethodWorker.java:128)
at java.base/java.util.ArrayList.forEach(ArrayList.java:1511)
at org.testng.TestRunner.privateRun(TestRunner.java:829)
at org.testng.TestRunner.run(TestRunner.java:602)
at org.testng.SuiteRunner.runTest(SuiteRunner.java:437)
at org.testng.SuiteRunner$SuiteWorker.run(SuiteRunner.java:475)
at org.testng.internal.thread.ThreadUtil.lambda$execute$0(ThreadUtil.java:58)
at java.base/java.util.concurrent.FutureTask.run(FutureTask.java:317)
at java.base/java.util.concurrent.ThreadPoolExecutor.runWorker(ThreadPoolExecutor.java:1144)
at java.base/java.util.concurrent.ThreadPoolExecutor$Worker.run(ThreadPoolExecutor.java:642)
at java.base/java.lang.Thread.run(Thread.java:1589)
]]>
            </full-stacktrace>
          </exception> <!-- java.lang.NullPointerException -->
          <reporter-output>
          </reporter-output>
        </test-method> <!-- commercialInfoToBeVisible -->
        <test-method is-config="true" signature="tearDown(org.testng.ITestResult)[pri:0, instance:selenium_tests.HomePageTests@7fd8c559]" started-at="2023-03-21T00:44:43 CET" name="tearDown" finished-at="2023-03-21T00:44:43 CET" duration-ms="0" status="FAIL">
          <params>
            <param index="0">
              <value>
                <![CDATA[[TestResult name={null} status=CREATED method=HomePageTests.commercialInfoToBeVisible()[pri:0, instance:selenium_tests.HomePageTests@7fd8c559] output={null}]]]>
              </value>
            </param>
          </params>
          <exception class="java.lang.NullPointerException">
            <message>
              <![CDATA[Cannot invoke "org.openqa.selenium.WebDriver.close()" because the return value of "selenium_tests.BaseTest.getDriver()" is null]]>
            </message>
            <full-stacktrace>
              <![CDATA[java.lang.NullPointerException: Cannot invoke "org.openqa.selenium.WebDriver.close()" because the return value of "selenium_tests.BaseTest.getDriver()" is null
at selenium_tests.BaseTest.tearDown(BaseTest.java:82)
at java.base/jdk.internal.reflect.DirectMethodHandleAccessor.invoke(DirectMethodHandleAccessor.java:104)
at java.base/java.lang.reflect.Method.invoke(Method.java:578)
at org.testng.internal.invokers.MethodInvocationHelper.invokeMethod(MethodInvocationHelper.java:139)
at org.testng.internal.invokers.MethodInvocationHelper.invokeMethodConsideringTimeout(MethodInvocationHelper.java:69)
at org.testng.internal.invokers.ConfigInvoker.invokeConfigurationMethod(ConfigInvoker.java:361)
at org.testng.internal.invokers.ConfigInvoker.invokeConfigurations(ConfigInvoker.java:296)
at org.testng.internal.invokers.TestInvoker.runConfigMethods(TestInvoker.java:823)
at org.testng.internal.invokers.TestInvoker.runAfterConfigurations(TestInvoker.java:792)
at org.testng.internal.invokers.TestInvoker.invokeMethod(TestInvoker.java:613)
at org.testng.internal.invokers.TestInvoker.invokeTestMethod(TestInvoker.java:221)
at org.testng.internal.invokers.MethodRunner.runInSequence(MethodRunner.java:50)
at org.testng.internal.invokers.TestInvoker$MethodInvocationAgent.invoke(TestInvoker.java:969)
at org.testng.internal.invokers.TestInvoker.invokeTestMethods(TestInvoker.java:194)
at org.testng.internal.invokers.TestMethodWorker.invokeTestMethods(TestMethodWorker.java:148)
at org.testng.internal.invokers.TestMethodWorker.run(TestMethodWorker.java:128)
at java.base/java.util.ArrayList.forEach(ArrayList.java:1511)
at org.testng.TestRunner.privateRun(TestRunner.java:829)
at org.testng.TestRunner.run(TestRunner.java:602)
at org.testng.SuiteRunner.runTest(SuiteRunner.java:437)
at org.testng.SuiteRunner$SuiteWorker.run(SuiteRunner.java:475)
at org.testng.internal.thread.ThreadUtil.lambda$execute$0(ThreadUtil.java:58)
at java.base/java.util.concurrent.FutureTask.run(FutureTask.java:317)
at java.base/java.util.concurrent.ThreadPoolExecutor.runWorker(ThreadPoolExecutor.java:1144)
at java.base/java.util.concurrent.ThreadPoolExecutor$Worker.run(ThreadPoolExecutor.java:642)
at java.base/java.lang.Thread.run(Thread.java:1589)
]]>
            </full-stacktrace>
          </exception> <!-- java.lang.NullPointerException -->
          <reporter-output>
          </reporter-output>
        </test-method> <!-- tearDown -->
        <test-method is-config="true" signature="launchBrowser(java.lang.String)[pri:0, instance:selenium_tests.HomePageTests@7fd8c559]" started-at="2023-03-21T00:44:43 CET" name="launchBrowser" finished-at="2023-03-21T00:44:44 CET" duration-ms="670" status="FAIL">
          <params>
            <param index="0">
              <value>
                <![CDATA[chrome]]>
              </value>
            </param>
          </params>
          <exception class="org.openqa.selenium.remote.http.ConnectionFailedException">
            <message>
              <![CDATA[Unable to establish websocket connection to http://localhost:51318/devtools/browser/22891b44-7ef8-45c7-be33-d872aa29cdd4
Build info: version: '4.7.2', revision: '4d4020c3b7'
System info: os.name: 'Mac OS X', os.arch: 'x86_64', os.version: '13.1', java.version: '19.0.1'
Driver info: driver.version: ChromeDriver]]>
            </message>
            <full-stacktrace>
              <![CDATA[org.openqa.selenium.remote.http.ConnectionFailedException: Unable to establish websocket connection to http://localhost:51318/devtools/browser/22891b44-7ef8-45c7-be33-d872aa29cdd4
Build info: version: '4.7.2', revision: '4d4020c3b7'
System info: os.name: 'Mac OS X', os.arch: 'x86_64', os.version: '13.1', java.version: '19.0.1'
Driver info: driver.version: ChromeDriver
at org.openqa.selenium.remote.http.netty.NettyWebSocket.<init>(NettyWebSocket.java:102)
at org.openqa.selenium.remote.http.netty.NettyWebSocket.lambda$create$3(NettyWebSocket.java:128)
at org.openqa.selenium.remote.http.netty.NettyClient.openSocket(NettyClient.java:107)
at org.openqa.selenium.devtools.Connection.<init>(Connection.java:78)
at org.openqa.selenium.chromium.ChromiumDriver.lambda$new$2(ChromiumDriver.java:116)
at java.base/java.util.Optional.map(Optional.java:260)
at org.openqa.selenium.chromium.ChromiumDriver.<init>(ChromiumDriver.java:114)
at org.openqa.selenium.chrome.ChromeDriver.<init>(ChromeDriver.java:82)
at org.openqa.selenium.chrome.ChromeDriver.<init>(ChromeDriver.java:71)
at selenium_tests.BaseTest.launchBrowser(BaseTest.java:48)
at java.base/jdk.internal.reflect.DirectMethodHandleAccessor.invoke(DirectMethodHandleAccessor.java:104)
at java.base/java.lang.reflect.Method.invoke(Method.java:578)
at org.testng.internal.invokers.MethodInvocationHelper.invokeMethod(MethodInvocationHelper.java:139)
at org.testng.internal.invokers.MethodInvocationHelper.invokeMethodConsideringTimeout(MethodInvocationHelper.java:69)
at org.testng.internal.invokers.ConfigInvoker.invokeConfigurationMethod(ConfigInvoker.java:361)
at org.testng.internal.invokers.ConfigInvoker.invokeConfigurations(ConfigInvoker.java:296)
at org.testng.internal.invokers.TestInvoker.runConfigMethods(TestInvoker.java:823)
at org.testng.internal.invokers.TestInvoker.invokeMethod(TestInvoker.java:590)
at org.testng.internal.invokers.TestInvoker.invokeTestMethod(TestInvoker.java:221)
at org.testng.internal.invokers.MethodRunner.runInSequence(MethodRunner.java:50)
at org.testng.internal.invokers.TestInvoker$MethodInvocationAgent.invoke(TestInvoker.java:969)
at org.testng.internal.invokers.TestInvoker.invokeTestMethods(TestInvoker.java:194)
at org.testng.internal.invokers.TestMethodWorker.invokeTestMethods(TestMethodWorker.java:148)
at org.testng.internal.invokers.TestMethodWorker.run(TestMethodWorker.java:128)
at java.base/java.util.ArrayList.forEach(ArrayList.java:1511)
at org.testng.TestRunner.privateRun(TestRunner.java:829)
at org.testng.TestRunner.run(TestRunner.java:602)
at org.testng.SuiteRunner.runTest(SuiteRunner.java:437)
at org.testng.SuiteRunner$SuiteWorker.run(SuiteRunner.java:475)
at org.testng.internal.thread.ThreadUtil.lambda$execute$0(ThreadUtil.java:58)
at java.base/java.util.concurrent.FutureTask.run(FutureTask.java:317)
at java.base/java.util.concurrent.ThreadPoolExecutor.runWorker(ThreadPoolExecutor.java:1144)
at java.base/java.util.concurrent.ThreadPoolExecutor$Worker.run(ThreadPoolExecutor.java:642)
at java.base/java.lang.Thread.run(Thread.java:1589)
]]>
            </full-stacktrace>
          </exception> <!-- org.openqa.selenium.remote.http.ConnectionFailedException -->
          <reporter-output>
          </reporter-output>
        </test-method> <!-- launchBrowser -->
        <test-method is-config="true" signature="initPageObjects()[pri:0, instance:selenium_tests.HomePageTests@7fd8c559]" started-at="2023-03-21T00:44:44 CET" name="initPageObjects" finished-at="2023-03-21T00:44:44 CET" duration-ms="0" status="SKIP">
          <reporter-output>
          </reporter-output>
        </test-method> <!-- initPageObjects -->
        <test-method signature="featuredProductsToBeVisible()[pri:0, instance:selenium_tests.HomePageTests@7fd8c559]" started-at="2023-03-21T00:44:44 CET" name="featuredProductsToBeVisible" finished-at="2023-03-21T00:44:44 CET" duration-ms="0" status="SKIP">
          <exception class="java.lang.NullPointerException">
            <message>
              <![CDATA[Cannot invoke "org.openqa.selenium.WebDriver.close()" because the return value of "selenium_tests.BaseTest.getDriver()" is null]]>
            </message>
            <full-stacktrace>
              <![CDATA[java.lang.NullPointerException: Cannot invoke "org.openqa.selenium.WebDriver.close()" because the return value of "selenium_tests.BaseTest.getDriver()" is null
at selenium_tests.BaseTest.tearDown(BaseTest.java:82)
at java.base/jdk.internal.reflect.DirectMethodHandleAccessor.invoke(DirectMethodHandleAccessor.java:104)
at java.base/java.lang.reflect.Method.invoke(Method.java:578)
at org.testng.internal.invokers.MethodInvocationHelper.invokeMethod(MethodInvocationHelper.java:139)
at org.testng.internal.invokers.MethodInvocationHelper.invokeMethodConsideringTimeout(MethodInvocationHelper.java:69)
at org.testng.internal.invokers.ConfigInvoker.invokeConfigurationMethod(ConfigInvoker.java:361)
at org.testng.internal.invokers.ConfigInvoker.invokeConfigurations(ConfigInvoker.java:296)
at org.testng.internal.invokers.TestInvoker.runConfigMethods(TestInvoker.java:823)
at org.testng.internal.invokers.TestInvoker.runAfterConfigurations(TestInvoker.java:792)
at org.testng.internal.invokers.TestInvoker.invokeMethod(TestInvoker.java:613)
at org.testng.internal.invokers.TestInvoker.invokeTestMethod(TestInvoker.java:221)
at org.testng.internal.invokers.MethodRunner.runInSequence(MethodRunner.java:50)
at org.testng.internal.invokers.TestInvoker$MethodInvocationAgent.invoke(TestInvoker.java:969)
at org.testng.internal.invokers.TestInvoker.invokeTestMethods(TestInvoker.java:194)
at org.testng.internal.invokers.TestMethodWorker.invokeTestMethods(TestMethodWorker.java:148)
at org.testng.internal.invokers.TestMethodWorker.run(TestMethodWorker.java:128)
at java.base/java.util.ArrayList.forEach(ArrayList.java:1511)
at org.testng.TestRunner.privateRun(TestRunner.java:829)
at org.testng.TestRunner.run(TestRunner.java:602)
at org.testng.SuiteRunner.runTest(SuiteRunner.java:437)
at org.testng.SuiteRunner$SuiteWorker.run(SuiteRunner.java:475)
at org.testng.internal.thread.ThreadUtil.lambda$execute$0(ThreadUtil.java:58)
at java.base/java.util.concurrent.FutureTask.run(FutureTask.java:317)
at java.base/java.util.concurrent.ThreadPoolExecutor.runWorker(ThreadPoolExecutor.java:1144)
at java.base/java.util.concurrent.ThreadPoolExecutor$Worker.run(ThreadPoolExecutor.java:642)
at java.base/java.lang.Thread.run(Thread.java:1589)
]]>
            </full-stacktrace>
          </exception> <!-- java.lang.NullPointerException -->
          <reporter-output>
          </reporter-output>
        </test-method> <!-- featuredProductsToBeVisible -->
        <test-method is-config="true" signature="tearDown(org.testng.ITestResult)[pri:0, instance:selenium_tests.HomePageTests@7fd8c559]" started-at="2023-03-21T00:44:44 CET" name="tearDown" finished-at="2023-03-21T00:44:44 CET" duration-ms="1" status="FAIL">
          <params>
            <param index="0">
              <value>
                <![CDATA[[TestResult name={null} status=CREATED method=HomePageTests.featuredProductsToBeVisible()[pri:0, instance:selenium_tests.HomePageTests@7fd8c559] output={null}]]]>
              </value>
            </param>
          </params>
          <exception class="java.lang.NullPointerException">
            <message>
              <![CDATA[Cannot invoke "org.openqa.selenium.WebDriver.close()" because the return value of "selenium_tests.BaseTest.getDriver()" is null]]>
            </message>
            <full-stacktrace>
              <![CDATA[java.lang.NullPointerException: Cannot invoke "org.openqa.selenium.WebDriver.close()" because the return value of "selenium_tests.BaseTest.getDriver()" is null
at selenium_tests.BaseTest.tearDown(BaseTest.java:82)
at java.base/jdk.internal.reflect.DirectMethodHandleAccessor.invoke(DirectMethodHandleAccessor.java:104)
at java.base/java.lang.reflect.Method.invoke(Method.java:578)
at org.testng.internal.invokers.MethodInvocationHelper.invokeMethod(MethodInvocationHelper.java:139)
at org.testng.internal.invokers.MethodInvocationHelper.invokeMethodConsideringTimeout(MethodInvocationHelper.java:69)
at org.testng.internal.invokers.ConfigInvoker.invokeConfigurationMethod(ConfigInvoker.java:361)
at org.testng.internal.invokers.ConfigInvoker.invokeConfigurations(ConfigInvoker.java:296)
at org.testng.internal.invokers.TestInvoker.runConfigMethods(TestInvoker.java:823)
at org.testng.internal.invokers.TestInvoker.runAfterConfigurations(TestInvoker.java:792)
at org.testng.internal.invokers.TestInvoker.invokeMethod(TestInvoker.java:613)
at org.testng.internal.invokers.TestInvoker.invokeTestMethod(TestInvoker.java:221)
at org.testng.internal.invokers.MethodRunner.runInSequence(MethodRunner.java:50)
at org.testng.internal.invokers.TestInvoker$MethodInvocationAgent.invoke(TestInvoker.java:969)
at org.testng.internal.invokers.TestInvoker.invokeTestMethods(TestInvoker.java:194)
at org.testng.internal.invokers.TestMethodWorker.invokeTestMethods(TestMethodWorker.java:148)
at org.testng.internal.invokers.TestMethodWorker.run(TestMethodWorker.java:128)
at java.base/java.util.ArrayList.forEach(ArrayList.java:1511)
at org.testng.TestRunner.privateRun(TestRunner.java:829)
at org.testng.TestRunner.run(TestRunner.java:602)
at org.testng.SuiteRunner.runTest(SuiteRunner.java:437)
at org.testng.SuiteRunner$SuiteWorker.run(SuiteRunner.java:475)
at org.testng.internal.thread.ThreadUtil.lambda$execute$0(ThreadUtil.java:58)
at java.base/java.util.concurrent.FutureTask.run(FutureTask.java:317)
at java.base/java.util.concurrent.ThreadPoolExecutor.runWorker(ThreadPoolExecutor.java:1144)
at java.base/java.util.concurrent.ThreadPoolExecutor$Worker.run(ThreadPoolExecutor.java:642)
at java.base/java.lang.Thread.run(Thread.java:1589)
]]>
            </full-stacktrace>
          </exception> <!-- java.lang.NullPointerException -->
          <reporter-output>
          </reporter-output>
        </test-method> <!-- tearDown -->
        <test-method is-config="true" signature="launchBrowser(java.lang.String)[pri:0, instance:selenium_tests.HomePageTests@7fd8c559]" started-at="2023-03-21T00:44:44 CET" name="launchBrowser" finished-at="2023-03-21T00:44:44 CET" duration-ms="682" status="FAIL">
          <params>
            <param index="0">
              <value>
                <![CDATA[chrome]]>
              </value>
            </param>
          </params>
          <exception class="org.openqa.selenium.remote.http.ConnectionFailedException">
            <message>
              <![CDATA[Unable to establish websocket connection to http://localhost:51337/devtools/browser/5603bd0a-dc83-4b5b-81a6-8d7ceb9789d8
Build info: version: '4.7.2', revision: '4d4020c3b7'
System info: os.name: 'Mac OS X', os.arch: 'x86_64', os.version: '13.1', java.version: '19.0.1'
Driver info: driver.version: ChromeDriver]]>
            </message>
            <full-stacktrace>
              <![CDATA[org.openqa.selenium.remote.http.ConnectionFailedException: Unable to establish websocket connection to http://localhost:51337/devtools/browser/5603bd0a-dc83-4b5b-81a6-8d7ceb9789d8
Build info: version: '4.7.2', revision: '4d4020c3b7'
System info: os.name: 'Mac OS X', os.arch: 'x86_64', os.version: '13.1', java.version: '19.0.1'
Driver info: driver.version: ChromeDriver
at org.openqa.selenium.remote.http.netty.NettyWebSocket.<init>(NettyWebSocket.java:102)
at org.openqa.selenium.remote.http.netty.NettyWebSocket.lambda$create$3(NettyWebSocket.java:128)
at org.openqa.selenium.remote.http.netty.NettyClient.openSocket(NettyClient.java:107)
at org.openqa.selenium.devtools.Connection.<init>(Connection.java:78)
at org.openqa.selenium.chromium.ChromiumDriver.lambda$new$2(ChromiumDriver.java:116)
at java.base/java.util.Optional.map(Optional.java:260)
at org.openqa.selenium.chromium.ChromiumDriver.<init>(ChromiumDriver.java:114)
at org.openqa.selenium.chrome.ChromeDriver.<init>(ChromeDriver.java:82)
at org.openqa.selenium.chrome.ChromeDriver.<init>(ChromeDriver.java:71)
at selenium_tests.BaseTest.launchBrowser(BaseTest.java:48)
at java.base/jdk.internal.reflect.DirectMethodHandleAccessor.invoke(DirectMethodHandleAccessor.java:104)
at java.base/java.lang.reflect.Method.invoke(Method.java:578)
at org.testng.internal.invokers.MethodInvocationHelper.invokeMethod(MethodInvocationHelper.java:139)
at org.testng.internal.invokers.MethodInvocationHelper.invokeMethodConsideringTimeout(MethodInvocationHelper.java:69)
at org.testng.internal.invokers.ConfigInvoker.invokeConfigurationMethod(ConfigInvoker.java:361)
at org.testng.internal.invokers.ConfigInvoker.invokeConfigurations(ConfigInvoker.java:296)
at org.testng.internal.invokers.TestInvoker.runConfigMethods(TestInvoker.java:823)
at org.testng.internal.invokers.TestInvoker.invokeMethod(TestInvoker.java:590)
at org.testng.internal.invokers.TestInvoker.invokeTestMethod(TestInvoker.java:221)
at org.testng.internal.invokers.MethodRunner.runInSequence(MethodRunner.java:50)
at org.testng.internal.invokers.TestInvoker$MethodInvocationAgent.invoke(TestInvoker.java:969)
at org.testng.internal.invokers.TestInvoker.invokeTestMethods(TestInvoker.java:194)
at org.testng.internal.invokers.TestMethodWorker.invokeTestMethods(TestMethodWorker.java:148)
at org.testng.internal.invokers.TestMethodWorker.run(TestMethodWorker.java:128)
at java.base/java.util.ArrayList.forEach(ArrayList.java:1511)
at org.testng.TestRunner.privateRun(TestRunner.java:829)
at org.testng.TestRunner.run(TestRunner.java:602)
at org.testng.SuiteRunner.runTest(SuiteRunner.java:437)
at org.testng.SuiteRunner$SuiteWorker.run(SuiteRunner.java:475)
at org.testng.internal.thread.ThreadUtil.lambda$execute$0(ThreadUtil.java:58)
at java.base/java.util.concurrent.FutureTask.run(FutureTask.java:317)
at java.base/java.util.concurrent.ThreadPoolExecutor.runWorker(ThreadPoolExecutor.java:1144)
at java.base/java.util.concurrent.ThreadPoolExecutor$Worker.run(ThreadPoolExecutor.java:642)
at java.base/java.lang.Thread.run(Thread.java:1589)
]]>
            </full-stacktrace>
          </exception> <!-- org.openqa.selenium.remote.http.ConnectionFailedException -->
          <reporter-output>
          </reporter-output>
        </test-method> <!-- launchBrowser -->
        <test-method is-config="true" signature="initPageObjects()[pri:0, instance:selenium_tests.HomePageTests@7fd8c559]" started-at="2023-03-21T00:44:44 CET" name="initPageObjects" finished-at="2023-03-21T00:44:44 CET" duration-ms="0" status="SKIP">
          <reporter-output>
          </reporter-output>
        </test-method> <!-- initPageObjects -->
        <test-method signature="findMoreButtonNavigation()[pri:0, instance:selenium_tests.HomePageTests@7fd8c559]" started-at="2023-03-21T00:44:44 CET" name="findMoreButtonNavigation" finished-at="2023-03-21T00:44:44 CET" duration-ms="0" status="SKIP">
          <exception class="java.lang.NullPointerException">
            <message>
              <![CDATA[Cannot invoke "org.openqa.selenium.WebDriver.close()" because the return value of "selenium_tests.BaseTest.getDriver()" is null]]>
            </message>
            <full-stacktrace>
              <![CDATA[java.lang.NullPointerException: Cannot invoke "org.openqa.selenium.WebDriver.close()" because the return value of "selenium_tests.BaseTest.getDriver()" is null
at selenium_tests.BaseTest.tearDown(BaseTest.java:82)
at java.base/jdk.internal.reflect.DirectMethodHandleAccessor.invoke(DirectMethodHandleAccessor.java:104)
at java.base/java.lang.reflect.Method.invoke(Method.java:578)
at org.testng.internal.invokers.MethodInvocationHelper.invokeMethod(MethodInvocationHelper.java:139)
at org.testng.internal.invokers.MethodInvocationHelper.invokeMethodConsideringTimeout(MethodInvocationHelper.java:69)
at org.testng.internal.invokers.ConfigInvoker.invokeConfigurationMethod(ConfigInvoker.java:361)
at org.testng.internal.invokers.ConfigInvoker.invokeConfigurations(ConfigInvoker.java:296)
at org.testng.internal.invokers.TestInvoker.runConfigMethods(TestInvoker.java:823)
at org.testng.internal.invokers.TestInvoker.runAfterConfigurations(TestInvoker.java:792)
at org.testng.internal.invokers.TestInvoker.invokeMethod(TestInvoker.java:613)
at org.testng.internal.invokers.TestInvoker.invokeTestMethod(TestInvoker.java:221)
at org.testng.internal.invokers.MethodRunner.runInSequence(MethodRunner.java:50)
at org.testng.internal.invokers.TestInvoker$MethodInvocationAgent.invoke(TestInvoker.java:969)
at org.testng.internal.invokers.TestInvoker.invokeTestMethods(TestInvoker.java:194)
at org.testng.internal.invokers.TestMethodWorker.invokeTestMethods(TestMethodWorker.java:148)
at org.testng.internal.invokers.TestMethodWorker.run(TestMethodWorker.java:128)
at java.base/java.util.ArrayList.forEach(ArrayList.java:1511)
at org.testng.TestRunner.privateRun(TestRunner.java:829)
at org.testng.TestRunner.run(TestRunner.java:602)
at org.testng.SuiteRunner.runTest(SuiteRunner.java:437)
at org.testng.SuiteRunner$SuiteWorker.run(SuiteRunner.java:475)
at org.testng.internal.thread.ThreadUtil.lambda$execute$0(ThreadUtil.java:58)
at java.base/java.util.concurrent.FutureTask.run(FutureTask.java:317)
at java.base/java.util.concurrent.ThreadPoolExecutor.runWorker(ThreadPoolExecutor.java:1144)
at java.base/java.util.concurrent.ThreadPoolExecutor$Worker.run(ThreadPoolExecutor.java:642)
at java.base/java.lang.Thread.run(Thread.java:1589)
]]>
            </full-stacktrace>
          </exception> <!-- java.lang.NullPointerException -->
          <reporter-output>
          </reporter-output>
        </test-method> <!-- findMoreButtonNavigation -->
        <test-method is-config="true" signature="tearDown(org.testng.ITestResult)[pri:0, instance:selenium_tests.HomePageTests@7fd8c559]" started-at="2023-03-21T00:44:44 CET" name="tearDown" finished-at="2023-03-21T00:44:44 CET" duration-ms="0" status="FAIL">
          <params>
            <param index="0">
              <value>
                <![CDATA[[TestResult name={null} status=CREATED method=HomePageTests.findMoreButtonNavigation()[pri:0, instance:selenium_tests.HomePageTests@7fd8c559] output={null}]]]>
              </value>
            </param>
          </params>
          <exception class="java.lang.NullPointerException">
            <message>
              <![CDATA[Cannot invoke "org.openqa.selenium.WebDriver.close()" because the return value of "selenium_tests.BaseTest.getDriver()" is null]]>
            </message>
            <full-stacktrace>
              <![CDATA[java.lang.NullPointerException: Cannot invoke "org.openqa.selenium.WebDriver.close()" because the return value of "selenium_tests.BaseTest.getDriver()" is null
at selenium_tests.BaseTest.tearDown(BaseTest.java:82)
at java.base/jdk.internal.reflect.DirectMethodHandleAccessor.invoke(DirectMethodHandleAccessor.java:104)
at java.base/java.lang.reflect.Method.invoke(Method.java:578)
at org.testng.internal.invokers.MethodInvocationHelper.invokeMethod(MethodInvocationHelper.java:139)
at org.testng.internal.invokers.MethodInvocationHelper.invokeMethodConsideringTimeout(MethodInvocationHelper.java:69)
at org.testng.internal.invokers.ConfigInvoker.invokeConfigurationMethod(ConfigInvoker.java:361)
at org.testng.internal.invokers.ConfigInvoker.invokeConfigurations(ConfigInvoker.java:296)
at org.testng.internal.invokers.TestInvoker.runConfigMethods(TestInvoker.java:823)
at org.testng.internal.invokers.TestInvoker.runAfterConfigurations(TestInvoker.java:792)
at org.testng.internal.invokers.TestInvoker.invokeMethod(TestInvoker.java:613)
at org.testng.internal.invokers.TestInvoker.invokeTestMethod(TestInvoker.java:221)
at org.testng.internal.invokers.MethodRunner.runInSequence(MethodRunner.java:50)
at org.testng.internal.invokers.TestInvoker$MethodInvocationAgent.invoke(TestInvoker.java:969)
at org.testng.internal.invokers.TestInvoker.invokeTestMethods(TestInvoker.java:194)
at org.testng.internal.invokers.TestMethodWorker.invokeTestMethods(TestMethodWorker.java:148)
at org.testng.internal.invokers.TestMethodWorker.run(TestMethodWorker.java:128)
at java.base/java.util.ArrayList.forEach(ArrayList.java:1511)
at org.testng.TestRunner.privateRun(TestRunner.java:829)
at org.testng.TestRunner.run(TestRunner.java:602)
at org.testng.SuiteRunner.runTest(SuiteRunner.java:437)
at org.testng.SuiteRunner$SuiteWorker.run(SuiteRunner.java:475)
at org.testng.internal.thread.ThreadUtil.lambda$execute$0(ThreadUtil.java:58)
at java.base/java.util.concurrent.FutureTask.run(FutureTask.java:317)
at java.base/java.util.concurrent.ThreadPoolExecutor.runWorker(ThreadPoolExecutor.java:1144)
at java.base/java.util.concurrent.ThreadPoolExecutor$Worker.run(ThreadPoolExecutor.java:642)
at java.base/java.lang.Thread.run(Thread.java:1589)
]]>
            </full-stacktrace>
          </exception> <!-- java.lang.NullPointerException -->
          <reporter-output>
          </reporter-output>
        </test-method> <!-- tearDown -->
      </class> <!-- selenium_tests.HomePageTests -->
    </test> <!-- Home page tests -->
    <test started-at="2023-03-21T00:44:36 CET" name="Store page tests" finished-at="2023-03-21T00:44:46 CET" duration-ms="10151">
      <class name="selenium_tests.StorePageTests">
        <test-method is-config="true" signature="launchBrowser(java.lang.String)[pri:0, instance:selenium_tests.StorePageTests@26221bad]" started-at="2023-03-21T00:44:36 CET" name="launchBrowser" finished-at="2023-03-21T00:44:42 CET" duration-ms="6033" status="FAIL">
          <params>
            <param index="0">
              <value>
                <![CDATA[chrome]]>
              </value>
            </param>
          </params>
          <exception class="org.openqa.selenium.remote.http.ConnectionFailedException">
            <message>
              <![CDATA[Unable to establish websocket connection to http://localhost:51276/devtools/browser/42a669b2-97b8-4e41-994f-6549316d01a2
Build info: version: '4.7.2', revision: '4d4020c3b7'
System info: os.name: 'Mac OS X', os.arch: 'x86_64', os.version: '13.1', java.version: '19.0.1'
Driver info: driver.version: ChromeDriver]]>
            </message>
            <full-stacktrace>
              <![CDATA[org.openqa.selenium.remote.http.ConnectionFailedException: Unable to establish websocket connection to http://localhost:51276/devtools/browser/42a669b2-97b8-4e41-994f-6549316d01a2
Build info: version: '4.7.2', revision: '4d4020c3b7'
System info: os.name: 'Mac OS X', os.arch: 'x86_64', os.version: '13.1', java.version: '19.0.1'
Driver info: driver.version: ChromeDriver
at org.openqa.selenium.remote.http.netty.NettyWebSocket.<init>(NettyWebSocket.java:102)
at org.openqa.selenium.remote.http.netty.NettyWebSocket.lambda$create$3(NettyWebSocket.java:128)
at org.openqa.selenium.remote.http.netty.NettyClient.openSocket(NettyClient.java:107)
at org.openqa.selenium.devtools.Connection.<init>(Connection.java:78)
at org.openqa.selenium.chromium.ChromiumDriver.lambda$new$2(ChromiumDriver.java:116)
at java.base/java.util.Optional.map(Optional.java:260)
at org.openqa.selenium.chromium.ChromiumDriver.<init>(ChromiumDriver.java:114)
at org.openqa.selenium.chrome.ChromeDriver.<init>(ChromeDriver.java:82)
at org.openqa.selenium.chrome.ChromeDriver.<init>(ChromeDriver.java:71)
at selenium_tests.BaseTest.launchBrowser(BaseTest.java:48)
at java.base/jdk.internal.reflect.DirectMethodHandleAccessor.invoke(DirectMethodHandleAccessor.java:104)
at java.base/java.lang.reflect.Method.invoke(Method.java:578)
at org.testng.internal.invokers.MethodInvocationHelper.invokeMethod(MethodInvocationHelper.java:139)
at org.testng.internal.invokers.MethodInvocationHelper.invokeMethodConsideringTimeout(MethodInvocationHelper.java:69)
at org.testng.internal.invokers.ConfigInvoker.invokeConfigurationMethod(ConfigInvoker.java:361)
at org.testng.internal.invokers.ConfigInvoker.invokeConfigurations(ConfigInvoker.java:296)
at org.testng.internal.invokers.TestInvoker.runConfigMethods(TestInvoker.java:823)
at org.testng.internal.invokers.TestInvoker.invokeMethod(TestInvoker.java:590)
at org.testng.internal.invokers.TestInvoker.invokeTestMethod(TestInvoker.java:221)
at org.testng.internal.invokers.MethodRunner.runInSequence(MethodRunner.java:50)
at org.testng.internal.invokers.TestInvoker$MethodInvocationAgent.invoke(TestInvoker.java:969)
at org.testng.internal.invokers.TestInvoker.invokeTestMethods(TestInvoker.java:194)
at org.testng.internal.invokers.TestMethodWorker.invokeTestMethods(TestMethodWorker.java:148)
at org.testng.internal.invokers.TestMethodWorker.run(TestMethodWorker.java:128)
at java.base/java.util.ArrayList.forEach(ArrayList.java:1511)
at org.testng.TestRunner.privateRun(TestRunner.java:829)
at org.testng.TestRunner.run(TestRunner.java:602)
at org.testng.SuiteRunner.runTest(SuiteRunner.java:437)
at org.testng.SuiteRunner$SuiteWorker.run(SuiteRunner.java:475)
at org.testng.internal.thread.ThreadUtil.lambda$execute$0(ThreadUtil.java:58)
at java.base/java.util.concurrent.FutureTask.run(FutureTask.java:317)
at java.base/java.util.concurrent.ThreadPoolExecutor.runWorker(ThreadPoolExecutor.java:1144)
at java.base/java.util.concurrent.ThreadPoolExecutor$Worker.run(ThreadPoolExecutor.java:642)
at java.base/java.lang.Thread.run(Thread.java:1589)
]]>
            </full-stacktrace>
          </exception> <!-- org.openqa.selenium.remote.http.ConnectionFailedException -->
          <reporter-output>
          </reporter-output>
        </test-method> <!-- launchBrowser -->
        <test-method is-config="true" signature="initPageObjects()[pri:0, instance:selenium_tests.StorePageTests@26221bad]" started-at="2023-03-21T00:44:42 CET" name="initPageObjects" finished-at="2023-03-21T00:44:42 CET" duration-ms="0" status="SKIP">
          <reporter-output>
          </reporter-output>
        </test-method> <!-- initPageObjects -->
        <test-method signature="addProductToCartFeature()[pri:0, instance:selenium_tests.StorePageTests@26221bad]" started-at="2023-03-21T00:44:42 CET" name="addProductToCartFeature" finished-at="2023-03-21T00:44:42 CET" duration-ms="1" status="SKIP">
          <exception class="org.openqa.selenium.remote.http.ConnectionFailedException">
            <message>
              <![CDATA[Unable to establish websocket connection to http://localhost:51276/devtools/browser/42a669b2-97b8-4e41-994f-6549316d01a2
Build info: version: '4.7.2', revision: '4d4020c3b7'
System info: os.name: 'Mac OS X', os.arch: 'x86_64', os.version: '13.1', java.version: '19.0.1'
Driver info: driver.version: ChromeDriver]]>
            </message>
            <full-stacktrace>
              <![CDATA[org.openqa.selenium.remote.http.ConnectionFailedException: Unable to establish websocket connection to http://localhost:51276/devtools/browser/42a669b2-97b8-4e41-994f-6549316d01a2
Build info: version: '4.7.2', revision: '4d4020c3b7'
System info: os.name: 'Mac OS X', os.arch: 'x86_64', os.version: '13.1', java.version: '19.0.1'
Driver info: driver.version: ChromeDriver
at org.openqa.selenium.remote.http.netty.NettyWebSocket.<init>(NettyWebSocket.java:102)
at org.openqa.selenium.remote.http.netty.NettyWebSocket.lambda$create$3(NettyWebSocket.java:128)
at org.openqa.selenium.remote.http.netty.NettyClient.openSocket(NettyClient.java:107)
at org.openqa.selenium.devtools.Connection.<init>(Connection.java:78)
at org.openqa.selenium.chromium.ChromiumDriver.lambda$new$2(ChromiumDriver.java:116)
at java.base/java.util.Optional.map(Optional.java:260)
at org.openqa.selenium.chromium.ChromiumDriver.<init>(ChromiumDriver.java:114)
at org.openqa.selenium.chrome.ChromeDriver.<init>(ChromeDriver.java:82)
at org.openqa.selenium.chrome.ChromeDriver.<init>(ChromeDriver.java:71)
at selenium_tests.BaseTest.launchBrowser(BaseTest.java:48)
at java.base/jdk.internal.reflect.DirectMethodHandleAccessor.invoke(DirectMethodHandleAccessor.java:104)
at java.base/java.lang.reflect.Method.invoke(Method.java:578)
at org.testng.internal.invokers.MethodInvocationHelper.invokeMethod(MethodInvocationHelper.java:139)
at org.testng.internal.invokers.MethodInvocationHelper.invokeMethodConsideringTimeout(MethodInvocationHelper.java:69)
at org.testng.internal.invokers.ConfigInvoker.invokeConfigurationMethod(ConfigInvoker.java:361)
at org.testng.internal.invokers.ConfigInvoker.invokeConfigurations(ConfigInvoker.java:296)
at org.testng.internal.invokers.TestInvoker.runConfigMethods(TestInvoker.java:823)
at org.testng.internal.invokers.TestInvoker.invokeMethod(TestInvoker.java:590)
at org.testng.internal.invokers.TestInvoker.invokeTestMethod(TestInvoker.java:221)
at org.testng.internal.invokers.MethodRunner.runInSequence(MethodRunner.java:50)
at org.testng.internal.invokers.TestInvoker$MethodInvocationAgent.invoke(TestInvoker.java:969)
at org.testng.internal.invokers.TestInvoker.invokeTestMethods(TestInvoker.java:194)
at org.testng.internal.invokers.TestMethodWorker.invokeTestMethods(TestMethodWorker.java:148)
at org.testng.internal.invokers.TestMethodWorker.run(TestMethodWorker.java:128)
at java.base/java.util.ArrayList.forEach(ArrayList.java:1511)
at org.testng.TestRunner.privateRun(TestRunner.java:829)
at org.testng.TestRunner.run(TestRunner.java:602)
at org.testng.SuiteRunner.runTest(SuiteRunner.java:437)
at org.testng.SuiteRunner$SuiteWorker.run(SuiteRunner.java:475)
at org.testng.internal.thread.ThreadUtil.lambda$execute$0(ThreadUtil.java:58)
at java.base/java.util.concurrent.FutureTask.run(FutureTask.java:317)
at java.base/java.util.concurrent.ThreadPoolExecutor.runWorker(ThreadPoolExecutor.java:1144)
at java.base/java.util.concurrent.ThreadPoolExecutor$Worker.run(ThreadPoolExecutor.java:642)
at java.base/java.lang.Thread.run(Thread.java:1589)
]]>
            </full-stacktrace>
          </exception> <!-- org.openqa.selenium.remote.http.ConnectionFailedException -->
          <reporter-output>
          </reporter-output>
        </test-method> <!-- addProductToCartFeature -->
        <test-method is-config="true" signature="tearDown(org.testng.ITestResult)[pri:0, instance:selenium_tests.StorePageTests@26221bad]" started-at="2023-03-21T00:44:42 CET" name="tearDown" finished-at="2023-03-21T00:44:42 CET" duration-ms="10" status="FAIL">
          <params>
            <param index="0">
              <value>
                <![CDATA[[TestResult name={null} status=CREATED method=StorePageTests.addProductToCartFeature()[pri:0, instance:selenium_tests.StorePageTests@26221bad] output={null}]]]>
              </value>
            </param>
          </params>
          <exception class="java.lang.NullPointerException">
            <message>
              <![CDATA[Cannot invoke "org.openqa.selenium.WebDriver.close()" because the return value of "selenium_tests.BaseTest.getDriver()" is null]]>
            </message>
            <full-stacktrace>
              <![CDATA[java.lang.NullPointerException: Cannot invoke "org.openqa.selenium.WebDriver.close()" because the return value of "selenium_tests.BaseTest.getDriver()" is null
at selenium_tests.BaseTest.tearDown(BaseTest.java:82)
at java.base/jdk.internal.reflect.DirectMethodHandleAccessor.invoke(DirectMethodHandleAccessor.java:104)
at java.base/java.lang.reflect.Method.invoke(Method.java:578)
at org.testng.internal.invokers.MethodInvocationHelper.invokeMethod(MethodInvocationHelper.java:139)
at org.testng.internal.invokers.MethodInvocationHelper.invokeMethodConsideringTimeout(MethodInvocationHelper.java:69)
at org.testng.internal.invokers.ConfigInvoker.invokeConfigurationMethod(ConfigInvoker.java:361)
at org.testng.internal.invokers.ConfigInvoker.invokeConfigurations(ConfigInvoker.java:296)
at org.testng.internal.invokers.TestInvoker.runConfigMethods(TestInvoker.java:823)
at org.testng.internal.invokers.TestInvoker.runAfterConfigurations(TestInvoker.java:792)
at org.testng.internal.invokers.TestInvoker.invokeMethod(TestInvoker.java:613)
at org.testng.internal.invokers.TestInvoker.invokeTestMethod(TestInvoker.java:221)
at org.testng.internal.invokers.MethodRunner.runInSequence(MethodRunner.java:50)
at org.testng.internal.invokers.TestInvoker$MethodInvocationAgent.invoke(TestInvoker.java:969)
at org.testng.internal.invokers.TestInvoker.invokeTestMethods(TestInvoker.java:194)
at org.testng.internal.invokers.TestMethodWorker.invokeTestMethods(TestMethodWorker.java:148)
at org.testng.internal.invokers.TestMethodWorker.run(TestMethodWorker.java:128)
at java.base/java.util.ArrayList.forEach(ArrayList.java:1511)
at org.testng.TestRunner.privateRun(TestRunner.java:829)
at org.testng.TestRunner.run(TestRunner.java:602)
at org.testng.SuiteRunner.runTest(SuiteRunner.java:437)
at org.testng.SuiteRunner$SuiteWorker.run(SuiteRunner.java:475)
at org.testng.internal.thread.ThreadUtil.lambda$execute$0(ThreadUtil.java:58)
at java.base/java.util.concurrent.FutureTask.run(FutureTask.java:317)
at java.base/java.util.concurrent.ThreadPoolExecutor.runWorker(ThreadPoolExecutor.java:1144)
at java.base/java.util.concurrent.ThreadPoolExecutor$Worker.run(ThreadPoolExecutor.java:642)
at java.base/java.lang.Thread.run(Thread.java:1589)
]]>
            </full-stacktrace>
          </exception> <!-- java.lang.NullPointerException -->
          <reporter-output>
          </reporter-output>
        </test-method> <!-- tearDown -->
        <test-method is-config="true" signature="launchBrowser(java.lang.String)[pri:0, instance:selenium_tests.StorePageTests@26221bad]" started-at="2023-03-21T00:44:42 CET" name="launchBrowser" finished-at="2023-03-21T00:44:43 CET" duration-ms="821" status="FAIL">
          <params>
            <param index="0">
              <value>
                <![CDATA[chrome]]>
              </value>
            </param>
          </params>
          <exception class="org.openqa.selenium.remote.http.ConnectionFailedException">
            <message>
              <![CDATA[Unable to establish websocket connection to http://localhost:51300/devtools/browser/475cf409-2562-4554-865c-922ba0b9f291
Build info: version: '4.7.2', revision: '4d4020c3b7'
System info: os.name: 'Mac OS X', os.arch: 'x86_64', os.version: '13.1', java.version: '19.0.1'
Driver info: driver.version: ChromeDriver]]>
            </message>
            <full-stacktrace>
              <![CDATA[org.openqa.selenium.remote.http.ConnectionFailedException: Unable to establish websocket connection to http://localhost:51300/devtools/browser/475cf409-2562-4554-865c-922ba0b9f291
Build info: version: '4.7.2', revision: '4d4020c3b7'
System info: os.name: 'Mac OS X', os.arch: 'x86_64', os.version: '13.1', java.version: '19.0.1'
Driver info: driver.version: ChromeDriver
at org.openqa.selenium.remote.http.netty.NettyWebSocket.<init>(NettyWebSocket.java:102)
at org.openqa.selenium.remote.http.netty.NettyWebSocket.lambda$create$3(NettyWebSocket.java:128)
at org.openqa.selenium.remote.http.netty.NettyClient.openSocket(NettyClient.java:107)
at org.openqa.selenium.devtools.Connection.<init>(Connection.java:78)
at org.openqa.selenium.chromium.ChromiumDriver.lambda$new$2(ChromiumDriver.java:116)
at java.base/java.util.Optional.map(Optional.java:260)
at org.openqa.selenium.chromium.ChromiumDriver.<init>(ChromiumDriver.java:114)
at org.openqa.selenium.chrome.ChromeDriver.<init>(ChromeDriver.java:82)
at org.openqa.selenium.chrome.ChromeDriver.<init>(ChromeDriver.java:71)
at selenium_tests.BaseTest.launchBrowser(BaseTest.java:48)
at java.base/jdk.internal.reflect.DirectMethodHandleAccessor.invoke(DirectMethodHandleAccessor.java:104)
at java.base/java.lang.reflect.Method.invoke(Method.java:578)
at org.testng.internal.invokers.MethodInvocationHelper.invokeMethod(MethodInvocationHelper.java:139)
at org.testng.internal.invokers.MethodInvocationHelper.invokeMethodConsideringTimeout(MethodInvocationHelper.java:69)
at org.testng.internal.invokers.ConfigInvoker.invokeConfigurationMethod(ConfigInvoker.java:361)
at org.testng.internal.invokers.ConfigInvoker.invokeConfigurations(ConfigInvoker.java:296)
at org.testng.internal.invokers.TestInvoker.runConfigMethods(TestInvoker.java:823)
at org.testng.internal.invokers.TestInvoker.invokeMethod(TestInvoker.java:590)
at org.testng.internal.invokers.TestInvoker.invokeTestMethod(TestInvoker.java:221)
at org.testng.internal.invokers.MethodRunner.runInSequence(MethodRunner.java:50)
at org.testng.internal.invokers.TestInvoker$MethodInvocationAgent.invoke(TestInvoker.java:969)
at org.testng.internal.invokers.TestInvoker.invokeTestMethods(TestInvoker.java:194)
at org.testng.internal.invokers.TestMethodWorker.invokeTestMethods(TestMethodWorker.java:148)
at org.testng.internal.invokers.TestMethodWorker.run(TestMethodWorker.java:128)
at java.base/java.util.ArrayList.forEach(ArrayList.java:1511)
at org.testng.TestRunner.privateRun(TestRunner.java:829)
at org.testng.TestRunner.run(TestRunner.java:602)
at org.testng.SuiteRunner.runTest(SuiteRunner.java:437)
at org.testng.SuiteRunner$SuiteWorker.run(SuiteRunner.java:475)
at org.testng.internal.thread.ThreadUtil.lambda$execute$0(ThreadUtil.java:58)
at java.base/java.util.concurrent.FutureTask.run(FutureTask.java:317)
at java.base/java.util.concurrent.ThreadPoolExecutor.runWorker(ThreadPoolExecutor.java:1144)
at java.base/java.util.concurrent.ThreadPoolExecutor$Worker.run(ThreadPoolExecutor.java:642)
at java.base/java.lang.Thread.run(Thread.java:1589)
]]>
            </full-stacktrace>
          </exception> <!-- org.openqa.selenium.remote.http.ConnectionFailedException -->
          <reporter-output>
          </reporter-output>
        </test-method> <!-- launchBrowser -->
        <test-method is-config="true" signature="initPageObjects()[pri:0, instance:selenium_tests.StorePageTests@26221bad]" started-at="2023-03-21T00:44:43 CET" name="initPageObjects" finished-at="2023-03-21T00:44:43 CET" duration-ms="0" status="SKIP">
          <reporter-output>
          </reporter-output>
        </test-method> <!-- initPageObjects -->
        <test-method signature="addToCartButtonsShouldHaveVisibleText()[pri:0, instance:selenium_tests.StorePageTests@26221bad]" started-at="2023-03-21T00:44:43 CET" name="addToCartButtonsShouldHaveVisibleText" finished-at="2023-03-21T00:44:43 CET" duration-ms="0" status="SKIP">
          <exception class="org.openqa.selenium.remote.http.ConnectionFailedException">
            <message>
              <![CDATA[Unable to establish websocket connection to http://localhost:51300/devtools/browser/475cf409-2562-4554-865c-922ba0b9f291
Build info: version: '4.7.2', revision: '4d4020c3b7'
System info: os.name: 'Mac OS X', os.arch: 'x86_64', os.version: '13.1', java.version: '19.0.1'
Driver info: driver.version: ChromeDriver]]>
            </message>
            <full-stacktrace>
              <![CDATA[org.openqa.selenium.remote.http.ConnectionFailedException: Unable to establish websocket connection to http://localhost:51300/devtools/browser/475cf409-2562-4554-865c-922ba0b9f291
Build info: version: '4.7.2', revision: '4d4020c3b7'
System info: os.name: 'Mac OS X', os.arch: 'x86_64', os.version: '13.1', java.version: '19.0.1'
Driver info: driver.version: ChromeDriver
at org.openqa.selenium.remote.http.netty.NettyWebSocket.<init>(NettyWebSocket.java:102)
at org.openqa.selenium.remote.http.netty.NettyWebSocket.lambda$create$3(NettyWebSocket.java:128)
at org.openqa.selenium.remote.http.netty.NettyClient.openSocket(NettyClient.java:107)
at org.openqa.selenium.devtools.Connection.<init>(Connection.java:78)
at org.openqa.selenium.chromium.ChromiumDriver.lambda$new$2(ChromiumDriver.java:116)
at java.base/java.util.Optional.map(Optional.java:260)
at org.openqa.selenium.chromium.ChromiumDriver.<init>(ChromiumDriver.java:114)
at org.openqa.selenium.chrome.ChromeDriver.<init>(ChromeDriver.java:82)
at org.openqa.selenium.chrome.ChromeDriver.<init>(ChromeDriver.java:71)
at selenium_tests.BaseTest.launchBrowser(BaseTest.java:48)
at java.base/jdk.internal.reflect.DirectMethodHandleAccessor.invoke(DirectMethodHandleAccessor.java:104)
at java.base/java.lang.reflect.Method.invoke(Method.java:578)
at org.testng.internal.invokers.MethodInvocationHelper.invokeMethod(MethodInvocationHelper.java:139)
at org.testng.internal.invokers.MethodInvocationHelper.invokeMethodConsideringTimeout(MethodInvocationHelper.java:69)
at org.testng.internal.invokers.ConfigInvoker.invokeConfigurationMethod(ConfigInvoker.java:361)
at org.testng.internal.invokers.ConfigInvoker.invokeConfigurations(ConfigInvoker.java:296)
at org.testng.internal.invokers.TestInvoker.runConfigMethods(TestInvoker.java:823)
at org.testng.internal.invokers.TestInvoker.invokeMethod(TestInvoker.java:590)
at org.testng.internal.invokers.TestInvoker.invokeTestMethod(TestInvoker.java:221)
at org.testng.internal.invokers.MethodRunner.runInSequence(MethodRunner.java:50)
at org.testng.internal.invokers.TestInvoker$MethodInvocationAgent.invoke(TestInvoker.java:969)
at org.testng.internal.invokers.TestInvoker.invokeTestMethods(TestInvoker.java:194)
at org.testng.internal.invokers.TestMethodWorker.invokeTestMethods(TestMethodWorker.java:148)
at org.testng.internal.invokers.TestMethodWorker.run(TestMethodWorker.java:128)
at java.base/java.util.ArrayList.forEach(ArrayList.java:1511)
at org.testng.TestRunner.privateRun(TestRunner.java:829)
at org.testng.TestRunner.run(TestRunner.java:602)
at org.testng.SuiteRunner.runTest(SuiteRunner.java:437)
at org.testng.SuiteRunner$SuiteWorker.run(SuiteRunner.java:475)
at org.testng.internal.thread.ThreadUtil.lambda$execute$0(ThreadUtil.java:58)
at java.base/java.util.concurrent.FutureTask.run(FutureTask.java:317)
at java.base/java.util.concurrent.ThreadPoolExecutor.runWorker(ThreadPoolExecutor.java:1144)
at java.base/java.util.concurrent.ThreadPoolExecutor$Worker.run(ThreadPoolExecutor.java:642)
at java.base/java.lang.Thread.run(Thread.java:1589)
]]>
            </full-stacktrace>
          </exception> <!-- org.openqa.selenium.remote.http.ConnectionFailedException -->
          <reporter-output>
          </reporter-output>
        </test-method> <!-- addToCartButtonsShouldHaveVisibleText -->
        <test-method is-config="true" signature="tearDown(org.testng.ITestResult)[pri:0, instance:selenium_tests.StorePageTests@26221bad]" started-at="2023-03-21T00:44:43 CET" name="tearDown" finished-at="2023-03-21T00:44:43 CET" duration-ms="0" status="FAIL">
          <params>
            <param index="0">
              <value>
                <![CDATA[[TestResult name={null} status=CREATED method=StorePageTests.addToCartButtonsShouldHaveVisibleText()[pri:0, instance:selenium_tests.StorePageTests@26221bad] output={null}]]]>
              </value>
            </param>
          </params>
          <exception class="java.lang.NullPointerException">
            <message>
              <![CDATA[Cannot invoke "org.openqa.selenium.WebDriver.close()" because the return value of "selenium_tests.BaseTest.getDriver()" is null]]>
            </message>
            <full-stacktrace>
              <![CDATA[java.lang.NullPointerException: Cannot invoke "org.openqa.selenium.WebDriver.close()" because the return value of "selenium_tests.BaseTest.getDriver()" is null
at selenium_tests.BaseTest.tearDown(BaseTest.java:82)
at java.base/jdk.internal.reflect.DirectMethodHandleAccessor.invoke(DirectMethodHandleAccessor.java:104)
at java.base/java.lang.reflect.Method.invoke(Method.java:578)
at org.testng.internal.invokers.MethodInvocationHelper.invokeMethod(MethodInvocationHelper.java:139)
at org.testng.internal.invokers.MethodInvocationHelper.invokeMethodConsideringTimeout(MethodInvocationHelper.java:69)
at org.testng.internal.invokers.ConfigInvoker.invokeConfigurationMethod(ConfigInvoker.java:361)
at org.testng.internal.invokers.ConfigInvoker.invokeConfigurations(ConfigInvoker.java:296)
at org.testng.internal.invokers.TestInvoker.runConfigMethods(TestInvoker.java:823)
at org.testng.internal.invokers.TestInvoker.runAfterConfigurations(TestInvoker.java:792)
at org.testng.internal.invokers.TestInvoker.invokeMethod(TestInvoker.java:613)
at org.testng.internal.invokers.TestInvoker.invokeTestMethod(TestInvoker.java:221)
at org.testng.internal.invokers.MethodRunner.runInSequence(MethodRunner.java:50)
at org.testng.internal.invokers.TestInvoker$MethodInvocationAgent.invoke(TestInvoker.java:969)
at org.testng.internal.invokers.TestInvoker.invokeTestMethods(TestInvoker.java:194)
at org.testng.internal.invokers.TestMethodWorker.invokeTestMethods(TestMethodWorker.java:148)
at org.testng.internal.invokers.TestMethodWorker.run(TestMethodWorker.java:128)
at java.base/java.util.ArrayList.forEach(ArrayList.java:1511)
at org.testng.TestRunner.privateRun(TestRunner.java:829)
at org.testng.TestRunner.run(TestRunner.java:602)
at org.testng.SuiteRunner.runTest(SuiteRunner.java:437)
at org.testng.SuiteRunner$SuiteWorker.run(SuiteRunner.java:475)
at org.testng.internal.thread.ThreadUtil.lambda$execute$0(ThreadUtil.java:58)
at java.base/java.util.concurrent.FutureTask.run(FutureTask.java:317)
at java.base/java.util.concurrent.ThreadPoolExecutor.runWorker(ThreadPoolExecutor.java:1144)
at java.base/java.util.concurrent.ThreadPoolExecutor$Worker.run(ThreadPoolExecutor.java:642)
at java.base/java.lang.Thread.run(Thread.java:1589)
]]>
            </full-stacktrace>
          </exception> <!-- java.lang.NullPointerException -->
          <reporter-output>
          </reporter-output>
        </test-method> <!-- tearDown -->
        <test-method is-config="true" signature="launchBrowser(java.lang.String)[pri:0, instance:selenium_tests.StorePageTests@26221bad]" started-at="2023-03-21T00:44:43 CET" name="launchBrowser" finished-at="2023-03-21T00:44:44 CET" duration-ms="670" status="FAIL">
          <params>
            <param index="0">
              <value>
                <![CDATA[chrome]]>
              </value>
            </param>
          </params>
          <exception class="org.openqa.selenium.remote.http.ConnectionFailedException">
            <message>
              <![CDATA[Unable to establish websocket connection to http://localhost:51319/devtools/browser/fcad7746-51c6-4b56-8dd2-cc7ad5d0171a
Build info: version: '4.7.2', revision: '4d4020c3b7'
System info: os.name: 'Mac OS X', os.arch: 'x86_64', os.version: '13.1', java.version: '19.0.1'
Driver info: driver.version: ChromeDriver]]>
            </message>
            <full-stacktrace>
              <![CDATA[org.openqa.selenium.remote.http.ConnectionFailedException: Unable to establish websocket connection to http://localhost:51319/devtools/browser/fcad7746-51c6-4b56-8dd2-cc7ad5d0171a
Build info: version: '4.7.2', revision: '4d4020c3b7'
System info: os.name: 'Mac OS X', os.arch: 'x86_64', os.version: '13.1', java.version: '19.0.1'
Driver info: driver.version: ChromeDriver
at org.openqa.selenium.remote.http.netty.NettyWebSocket.<init>(NettyWebSocket.java:102)
at org.openqa.selenium.remote.http.netty.NettyWebSocket.lambda$create$3(NettyWebSocket.java:128)
at org.openqa.selenium.remote.http.netty.NettyClient.openSocket(NettyClient.java:107)
at org.openqa.selenium.devtools.Connection.<init>(Connection.java:78)
at org.openqa.selenium.chromium.ChromiumDriver.lambda$new$2(ChromiumDriver.java:116)
at java.base/java.util.Optional.map(Optional.java:260)
at org.openqa.selenium.chromium.ChromiumDriver.<init>(ChromiumDriver.java:114)
at org.openqa.selenium.chrome.ChromeDriver.<init>(ChromeDriver.java:82)
at org.openqa.selenium.chrome.ChromeDriver.<init>(ChromeDriver.java:71)
at selenium_tests.BaseTest.launchBrowser(BaseTest.java:48)
at java.base/jdk.internal.reflect.DirectMethodHandleAccessor.invoke(DirectMethodHandleAccessor.java:104)
at java.base/java.lang.reflect.Method.invoke(Method.java:578)
at org.testng.internal.invokers.MethodInvocationHelper.invokeMethod(MethodInvocationHelper.java:139)
at org.testng.internal.invokers.MethodInvocationHelper.invokeMethodConsideringTimeout(MethodInvocationHelper.java:69)
at org.testng.internal.invokers.ConfigInvoker.invokeConfigurationMethod(ConfigInvoker.java:361)
at org.testng.internal.invokers.ConfigInvoker.invokeConfigurations(ConfigInvoker.java:296)
at org.testng.internal.invokers.TestInvoker.runConfigMethods(TestInvoker.java:823)
at org.testng.internal.invokers.TestInvoker.invokeMethod(TestInvoker.java:590)
at org.testng.internal.invokers.TestInvoker.invokeTestMethod(TestInvoker.java:221)
at org.testng.internal.invokers.MethodRunner.runInSequence(MethodRunner.java:50)
at org.testng.internal.invokers.TestInvoker$MethodInvocationAgent.invoke(TestInvoker.java:969)
at org.testng.internal.invokers.TestInvoker.invokeTestMethods(TestInvoker.java:194)
at org.testng.internal.invokers.TestMethodWorker.invokeTestMethods(TestMethodWorker.java:148)
at org.testng.internal.invokers.TestMethodWorker.run(TestMethodWorker.java:128)
at java.base/java.util.ArrayList.forEach(ArrayList.java:1511)
at org.testng.TestRunner.privateRun(TestRunner.java:829)
at org.testng.TestRunner.run(TestRunner.java:602)
at org.testng.SuiteRunner.runTest(SuiteRunner.java:437)
at org.testng.SuiteRunner$SuiteWorker.run(SuiteRunner.java:475)
at org.testng.internal.thread.ThreadUtil.lambda$execute$0(ThreadUtil.java:58)
at java.base/java.util.concurrent.FutureTask.run(FutureTask.java:317)
at java.base/java.util.concurrent.ThreadPoolExecutor.runWorker(ThreadPoolExecutor.java:1144)
at java.base/java.util.concurrent.ThreadPoolExecutor$Worker.run(ThreadPoolExecutor.java:642)
at java.base/java.lang.Thread.run(Thread.java:1589)
]]>
            </full-stacktrace>
          </exception> <!-- org.openqa.selenium.remote.http.ConnectionFailedException -->
          <reporter-output>
          </reporter-output>
        </test-method> <!-- launchBrowser -->
        <test-method is-config="true" signature="initPageObjects()[pri:0, instance:selenium_tests.StorePageTests@26221bad]" started-at="2023-03-21T00:44:44 CET" name="initPageObjects" finished-at="2023-03-21T00:44:44 CET" duration-ms="0" status="SKIP">
          <reporter-output>
          </reporter-output>
        </test-method> <!-- initPageObjects -->
        <test-method signature="browseByCategoryFeature()[pri:0, instance:selenium_tests.StorePageTests@26221bad]" started-at="2023-03-21T00:44:44 CET" name="browseByCategoryFeature" finished-at="2023-03-21T00:44:44 CET" duration-ms="0" status="SKIP">
          <exception class="java.lang.NullPointerException">
            <message>
              <![CDATA[Cannot invoke "org.openqa.selenium.WebDriver.close()" because the return value of "selenium_tests.BaseTest.getDriver()" is null]]>
            </message>
            <full-stacktrace>
              <![CDATA[java.lang.NullPointerException: Cannot invoke "org.openqa.selenium.WebDriver.close()" because the return value of "selenium_tests.BaseTest.getDriver()" is null
at selenium_tests.BaseTest.tearDown(BaseTest.java:82)
at java.base/jdk.internal.reflect.DirectMethodHandleAccessor.invoke(DirectMethodHandleAccessor.java:104)
at java.base/java.lang.reflect.Method.invoke(Method.java:578)
at org.testng.internal.invokers.MethodInvocationHelper.invokeMethod(MethodInvocationHelper.java:139)
at org.testng.internal.invokers.MethodInvocationHelper.invokeMethodConsideringTimeout(MethodInvocationHelper.java:69)
at org.testng.internal.invokers.ConfigInvoker.invokeConfigurationMethod(ConfigInvoker.java:361)
at org.testng.internal.invokers.ConfigInvoker.invokeConfigurations(ConfigInvoker.java:296)
at org.testng.internal.invokers.TestInvoker.runConfigMethods(TestInvoker.java:823)
at org.testng.internal.invokers.TestInvoker.runAfterConfigurations(TestInvoker.java:792)
at org.testng.internal.invokers.TestInvoker.invokeMethod(TestInvoker.java:613)
at org.testng.internal.invokers.TestInvoker.invokeTestMethod(TestInvoker.java:221)
at org.testng.internal.invokers.MethodRunner.runInSequence(MethodRunner.java:50)
at org.testng.internal.invokers.TestInvoker$MethodInvocationAgent.invoke(TestInvoker.java:969)
at org.testng.internal.invokers.TestInvoker.invokeTestMethods(TestInvoker.java:194)
at org.testng.internal.invokers.TestMethodWorker.invokeTestMethods(TestMethodWorker.java:148)
at org.testng.internal.invokers.TestMethodWorker.run(TestMethodWorker.java:128)
at java.base/java.util.ArrayList.forEach(ArrayList.java:1511)
at org.testng.TestRunner.privateRun(TestRunner.java:829)
at org.testng.TestRunner.run(TestRunner.java:602)
at org.testng.SuiteRunner.runTest(SuiteRunner.java:437)
at org.testng.SuiteRunner$SuiteWorker.run(SuiteRunner.java:475)
at org.testng.internal.thread.ThreadUtil.lambda$execute$0(ThreadUtil.java:58)
at java.base/java.util.concurrent.FutureTask.run(FutureTask.java:317)
at java.base/java.util.concurrent.ThreadPoolExecutor.runWorker(ThreadPoolExecutor.java:1144)
at java.base/java.util.concurrent.ThreadPoolExecutor$Worker.run(ThreadPoolExecutor.java:642)
at java.base/java.lang.Thread.run(Thread.java:1589)
]]>
            </full-stacktrace>
          </exception> <!-- java.lang.NullPointerException -->
          <reporter-output>
          </reporter-output>
        </test-method> <!-- browseByCategoryFeature -->
        <test-method is-config="true" signature="tearDown(org.testng.ITestResult)[pri:0, instance:selenium_tests.StorePageTests@26221bad]" started-at="2023-03-21T00:44:44 CET" name="tearDown" finished-at="2023-03-21T00:44:44 CET" duration-ms="1" status="FAIL">
          <params>
            <param index="0">
              <value>
                <![CDATA[[TestResult name={null} status=CREATED method=StorePageTests.browseByCategoryFeature()[pri:0, instance:selenium_tests.StorePageTests@26221bad] output={null}]]]>
              </value>
            </param>
          </params>
          <exception class="java.lang.NullPointerException">
            <message>
              <![CDATA[Cannot invoke "org.openqa.selenium.WebDriver.close()" because the return value of "selenium_tests.BaseTest.getDriver()" is null]]>
            </message>
            <full-stacktrace>
              <![CDATA[java.lang.NullPointerException: Cannot invoke "org.openqa.selenium.WebDriver.close()" because the return value of "selenium_tests.BaseTest.getDriver()" is null
at selenium_tests.BaseTest.tearDown(BaseTest.java:82)
at java.base/jdk.internal.reflect.DirectMethodHandleAccessor.invoke(DirectMethodHandleAccessor.java:104)
at java.base/java.lang.reflect.Method.invoke(Method.java:578)
at org.testng.internal.invokers.MethodInvocationHelper.invokeMethod(MethodInvocationHelper.java:139)
at org.testng.internal.invokers.MethodInvocationHelper.invokeMethodConsideringTimeout(MethodInvocationHelper.java:69)
at org.testng.internal.invokers.ConfigInvoker.invokeConfigurationMethod(ConfigInvoker.java:361)
at org.testng.internal.invokers.ConfigInvoker.invokeConfigurations(ConfigInvoker.java:296)
at org.testng.internal.invokers.TestInvoker.runConfigMethods(TestInvoker.java:823)
at org.testng.internal.invokers.TestInvoker.runAfterConfigurations(TestInvoker.java:792)
at org.testng.internal.invokers.TestInvoker.invokeMethod(TestInvoker.java:613)
at org.testng.internal.invokers.TestInvoker.invokeTestMethod(TestInvoker.java:221)
at org.testng.internal.invokers.MethodRunner.runInSequence(MethodRunner.java:50)
at org.testng.internal.invokers.TestInvoker$MethodInvocationAgent.invoke(TestInvoker.java:969)
at org.testng.internal.invokers.TestInvoker.invokeTestMethods(TestInvoker.java:194)
at org.testng.internal.invokers.TestMethodWorker.invokeTestMethods(TestMethodWorker.java:148)
at org.testng.internal.invokers.TestMethodWorker.run(TestMethodWorker.java:128)
at java.base/java.util.ArrayList.forEach(ArrayList.java:1511)
at org.testng.TestRunner.privateRun(TestRunner.java:829)
at org.testng.TestRunner.run(TestRunner.java:602)
at org.testng.SuiteRunner.runTest(SuiteRunner.java:437)
at org.testng.SuiteRunner$SuiteWorker.run(SuiteRunner.java:475)
[...]
          </params>
          <reporter-output>
          </reporter-output>
        </test-method> <!-- headerNavBarNavigationFeature -->
        <test-method is-config="true" signature="tearDown(org.testng.ITestResult)[pri:0, instance:selenium_tests.HeaderNavBarTests@10dc7d6]" started-at="2023-03-21T00:44:49 CET" name="tearDown" finished-at="2023-03-21T00:44:49 CET" duration-ms="702" status="PASS">
          <params>
            <param index="0">
              <value>
                <![CDATA[[TestResult name=headerNavBarNavigationFeature status=SUCCESS method=HeaderNavBarTests.headerNavBarNavigationFeature(java.lang.String,java.lang.String)[pri:0, instance:selenium_tests.HeaderNavBarTests@10dc7d6] output={null}]]]>
              </value>
            </param>
          </params>
          <reporter-output>
          </reporter-output>
        </test-method> <!-- tearDown -->
        <test-method is-config="true" signature="launchBrowser(java.lang.String)[pri:0, instance:selenium_tests.HeaderNavBarTests@10dc7d6]" started-at="2023-03-21T00:44:49 CET" name="launchBrowser" finished-at="2023-03-21T00:44:52 CET" duration-ms="2311" status="PASS">
          <params>
            <param index="0">
              <value>
                <![CDATA[firefox]]>
              </value>
            </param>
          </params>
          <reporter-output>
          </reporter-output>
        </test-method> <!-- launchBrowser -->
        <test-method is-config="true" signature="initPageObjects()[pri:0, instance:selenium_tests.HeaderNavBarTests@10dc7d6]" started-at="2023-03-21T00:44:52 CET" name="initPageObjects" finished-at="2023-03-21T00:44:52 CET" duration-ms="2" status="PASS">
          <reporter-output>
          </reporter-output>
        </test-method> <!-- initPageObjects -->
        <test-method signature="headerNavBarNavigationFeature(java.lang.String,java.lang.String)[pri:0, instance:selenium_tests.HeaderNavBarTests@10dc7d6]" started-at="2023-03-21T00:44:52 CET" name="headerNavBarNavigationFeature" data-provider="menuItemsNavigationBar" finished-at="2023-03-21T00:44:54 CET" duration-ms="1821" status="PASS">
          <params>
            <param index="0">
              <value>
                <![CDATA[About]]>
              </value>
            </param>
            <param index="1">
              <value>
                <![CDATA[/about]]>
              </value>
            </param>
          </params>
          <reporter-output>
          </reporter-output>
        </test-method> <!-- headerNavBarNavigationFeature -->
        <test-method is-config="true" signature="tearDown(org.testng.ITestResult)[pri:0, instance:selenium_tests.HeaderNavBarTests@10dc7d6]" started-at="2023-03-21T00:44:54 CET" name="tearDown" finished-at="2023-03-21T00:44:54 CET" duration-ms="600" status="PASS">
          <params>
            <param index="0">
              <value>
                <![CDATA[[TestResult name=headerNavBarNavigationFeature status=SUCCESS method=HeaderNavBarTests.headerNavBarNavigationFeature(java.lang.String,java.lang.String)[pri:0, instance:selenium_tests.HeaderNavBarTests@10dc7d6] output={null}]]]>
              </value>
            </param>
          </params>
          <reporter-output>
          </reporter-output>
        </test-method> <!-- tearDown -->
        <test-method is-config="true" signature="launchBrowser(java.lang.String)[pri:0, instance:selenium_tests.HeaderNavBarTests@10dc7d6]" started-at="2023-03-21T00:44:54 CET" name="launchBrowser" finished-at="2023-03-21T00:44:56 CET" duration-ms="2265" status="PASS">
          <params>
            <param index="0">
              <value>
                <![CDATA[firefox]]>
              </value>
            </param>
          </params>
          <reporter-output>
          </reporter-output>
        </test-method> <!-- launchBrowser -->
        <test-method is-config="true" signature="initPageObjects()[pri:0, instance:selenium_tests.HeaderNavBarTests@10dc7d6]" started-at="2023-03-21T00:44:56 CET" name="initPageObjects" finished-at="2023-03-21T00:44:56 CET" duration-ms="2" status="PASS">
          <reporter-output>
          </reporter-output>
        </test-method> <!-- initPageObjects -->
        <test-method signature="headerNavBarNavigationFeature(java.lang.String,java.lang.String)[pri:0, instance:selenium_tests.HeaderNavBarTests@10dc7d6]" started-at="2023-03-21T00:44:56 CET" name="headerNavBarNavigationFeature" data-provider="menuItemsNavigationBar" finished-at="2023-03-21T00:44:59 CET" duration-ms="2524" status="PASS">
          <params>
            <param index="0">
              <value>
                <![CDATA[Account]]>
              </value>
            </param>
            <param index="1">
              <value>
                <![CDATA[/account]]>
              </value>
            </param>
          </params>
          <reporter-output>
          </reporter-output>
        </test-method> <!-- headerNavBarNavigationFeature -->
        <test-method is-config="true" signature="tearDown(org.testng.ITestResult)[pri:0, instance:selenium_tests.HeaderNavBarTests@10dc7d6]" started-at="2023-03-21T00:44:59 CET" name="tearDown" finished-at="2023-03-21T00:45:00 CET" duration-ms="596" status="PASS">
          <params>
            <param index="0">
              <value>
                <![CDATA[[TestResult name=headerNavBarNavigationFeature status=SUCCESS method=HeaderNavBarTests.headerNavBarNavigationFeature(java.lang.String,java.lang.String)[pri:0, instance:selenium_tests.HeaderNavBarTests@10dc7d6] output={null}]]]>
              </value>
            </param>
          </params>
          <reporter-output>
          </reporter-output>
        </test-method> <!-- tearDown -->
        <test-method is-config="true" signature="launchBrowser(java.lang.String)[pri:0, instance:selenium_tests.HeaderNavBarTests@10dc7d6]" started-at="2023-03-21T00:45:00 CET" name="launchBrowser" finished-at="2023-03-21T00:45:02 CET" duration-ms="2295" status="PASS">
          <params>
            <param index="0">
              <value>
                <![CDATA[firefox]]>
              </value>
            </param>
          </params>
          <reporter-output>
          </reporter-output>
        </test-method> <!-- launchBrowser -->
        <test-method is-config="true" signature="initPageObjects()[pri:0, instance:selenium_tests.HeaderNavBarTests@10dc7d6]" started-at="2023-03-21T00:45:02 CET" name="initPageObjects" finished-at="2023-03-21T00:45:02 CET" duration-ms="3" status="PASS">
          <reporter-output>
          </reporter-output>
        </test-method> <!-- initPageObjects -->
        <test-method signature="headerNavBarNavigationFeature(java.lang.String,java.lang.String)[pri:0, instance:selenium_tests.HeaderNavBarTests@10dc7d6]" started-at="2023-03-21T00:45:02 CET" name="headerNavBarNavigationFeature" data-provider="menuItemsNavigationBar" finished-at="2023-03-21T00:45:04 CET" duration-ms="1687" status="PASS">
          <params>
            <param index="0">
              <value>
                <![CDATA[Accessories]]>
              </value>
            </param>
            <param index="1">
              <value>
                <![CDATA[/product-category/accessories]]>
              </value>
            </param>
          </params>
          <reporter-output>
          </reporter-output>
        </test-method> <!-- headerNavBarNavigationFeature -->
        <test-method is-config="true" signature="tearDown(org.testng.ITestResult)[pri:0, instance:selenium_tests.HeaderNavBarTests@10dc7d6]" started-at="2023-03-21T00:45:04 CET" name="tearDown" finished-at="2023-03-21T00:45:04 CET" duration-ms="494" status="PASS">
          <params>
            <param index="0">
              <value>
                <![CDATA[[TestResult name=headerNavBarNavigationFeature status=SUCCESS method=HeaderNavBarTests.headerNavBarNavigationFeature(java.lang.String,java.lang.String)[pri:0, instance:selenium_tests.HeaderNavBarTests@10dc7d6] output={null}]]]>
              </value>
            </param>
          </params>
          <reporter-output>
          </reporter-output>
        </test-method> <!-- tearDown -->
        <test-method is-config="true" signature="launchBrowser(java.lang.String)[pri:0, instance:selenium_tests.HeaderNavBarTests@10dc7d6]" started-at="2023-03-21T00:45:04 CET" name="launchBrowser" finished-at="2023-03-21T00:45:06 CET" duration-ms="2318" status="PASS">
          <params>
            <param index="0">
              <value>
                <![CDATA[firefox]]>
              </value>
            </param>
          </params>
          <reporter-output>
          </reporter-output>
        </test-method> <!-- launchBrowser -->
        <test-method is-config="true" signature="initPageObjects()[pri:0, instance:selenium_tests.HeaderNavBarTests@10dc7d6]" started-at="2023-03-21T00:45:06 CET" name="initPageObjects" finished-at="2023-03-21T00:45:06 CET" duration-ms="1" status="PASS">
          <reporter-output>
          </reporter-output>
        </test-method> <!-- initPageObjects -->
        <test-method signature="headerNavBarNavigationFeature(java.lang.String,java.lang.String)[pri:0, instance:selenium_tests.HeaderNavBarTests@10dc7d6]" started-at="2023-03-21T00:45:06 CET" name="headerNavBarNavigationFeature" data-provider="menuItemsNavigationBar" finished-at="2023-03-21T00:45:08 CET" duration-ms="1777" status="PASS">
          <params>
            <param index="0">
              <value>
                <![CDATA[Women]]>
              </value>
            </param>
            <param index="1">
              <value>
                <![CDATA[/product-category/women]]>
              </value>
            </param>
          </params>
          <reporter-output>
          </reporter-output>
        </test-method> <!-- headerNavBarNavigationFeature -->
        <test-method is-config="true" signature="tearDown(org.testng.ITestResult)[pri:0, instance:selenium_tests.HeaderNavBarTests@10dc7d6]" started-at="2023-03-21T00:45:08 CET" name="tearDown" finished-at="2023-03-21T00:45:09 CET" duration-ms="590" status="PASS">
          <params>
            <param index="0">
              <value>
                <![CDATA[[TestResult name=headerNavBarNavigationFeature status=SUCCESS method=HeaderNavBarTests.headerNavBarNavigationFeature(java.lang.String,java.lang.String)[pri:0, instance:selenium_tests.HeaderNavBarTests@10dc7d6] output={null}]]]>
              </value>
            </param>
          </params>
          <reporter-output>
          </reporter-output>
        </test-method> <!-- tearDown -->
        <test-method is-config="true" signature="launchBrowser(java.lang.String)[pri:0, instance:selenium_tests.HeaderNavBarTests@10dc7d6]" started-at="2023-03-21T00:45:09 CET" name="launchBrowser" finished-at="2023-03-21T00:45:11 CET" duration-ms="2173" status="PASS">
          <params>
            <param index="0">
              <value>
                <![CDATA[firefox]]>
              </value>
            </param>
          </params>
          <reporter-output>
          </reporter-output>
        </test-method> <!-- launchBrowser -->
        <test-method is-config="true" signature="initPageObjects()[pri:0, instance:selenium_tests.HeaderNavBarTests@10dc7d6]" started-at="2023-03-21T00:45:11 CET" name="initPageObjects" finished-at="2023-03-21T00:45:11 CET" duration-ms="2" status="PASS">
          <reporter-output>
          </reporter-output>
        </test-method> <!-- initPageObjects -->
        <test-method signature="headerNavBarNavigationFeature(java.lang.String,java.lang.String)[pri:0, instance:selenium_tests.HeaderNavBarTests@10dc7d6]" started-at="2023-03-21T00:45:11 CET" name="headerNavBarNavigationFeature" data-provider="menuItemsNavigationBar" finished-at="2023-03-21T00:45:12 CET" duration-ms="1326" status="PASS">
          <params>
            <param index="0">
              <value>
                <![CDATA[Men]]>
              </value>
            </param>
            <param index="1">
              <value>
                <![CDATA[/product-category/men]]>
              </value>
            </param>
          </params>
          <reporter-output>
          </reporter-output>
        </test-method> <!-- headerNavBarNavigationFeature -->
        <test-method is-config="true" signature="tearDown(org.testng.ITestResult)[pri:0, instance:selenium_tests.HeaderNavBarTests@10dc7d6]" started-at="2023-03-21T00:45:12 CET" name="tearDown" finished-at="2023-03-21T00:45:13 CET" duration-ms="481" status="PASS">
          <params>
            <param index="0">
              <value>
                <![CDATA[[TestResult name=headerNavBarNavigationFeature status=SUCCESS method=HeaderNavBarTests.headerNavBarNavigationFeature(java.lang.String,java.lang.String)[pri:0, instance:selenium_tests.HeaderNavBarTests@10dc7d6] output={null}]]]>
              </value>
            </param>
          </params>
          <reporter-output>
          </reporter-output>
        </test-method> <!-- tearDown -->
        <test-method is-config="true" signature="launchBrowser(java.lang.String)[pri:0, instance:selenium_tests.HeaderNavBarTests@10dc7d6]" started-at="2023-03-21T00:45:13 CET" name="launchBrowser" finished-at="2023-03-21T00:45:15 CET" duration-ms="2155" status="PASS">
          <params>
            <param index="0">
              <value>
                <![CDATA[firefox]]>
              </value>
            </param>
          </params>
          <reporter-output>
          </reporter-output>
        </test-method> <!-- launchBrowser -->
        <test-method is-config="true" signature="initPageObjects()[pri:0, instance:selenium_tests.HeaderNavBarTests@10dc7d6]" started-at="2023-03-21T00:45:15 CET" name="initPageObjects" finished-at="2023-03-21T00:45:15 CET" duration-ms="1" status="PASS">
          <reporter-output>
          </reporter-output>
        </test-method> <!-- initPageObjects -->
        <test-method signature="headerNavBarNavigationFeature(java.lang.String,java.lang.String)[pri:0, instance:selenium_tests.HeaderNavBarTests@10dc7d6]" started-at="2023-03-21T00:45:15 CET" name="headerNavBarNavigationFeature" data-provider="menuItemsNavigationBar" finished-at="2023-03-21T00:45:17 CET" duration-ms="1619" status="PASS">
          <params>
            <param index="0">
              <value>
                <![CDATA[Store]]>
              </value>
            </param>
            <param index="1">
              <value>
                <![CDATA[/store]]>
              </value>
            </param>
          </params>
          <reporter-output>
          </reporter-output>
        </test-method> <!-- headerNavBarNavigationFeature -->
        <test-method is-config="true" signature="tearDown(org.testng.ITestResult)[pri:0, instance:selenium_tests.HeaderNavBarTests@10dc7d6]" started-at="2023-03-21T00:45:17 CET" name="tearDown" finished-at="2023-03-21T00:45:17 CET" duration-ms="382" status="PASS">
          <params>
            <param index="0">
              <value>
                <![CDATA[[TestResult name=headerNavBarNavigationFeature status=SUCCESS method=HeaderNavBarTests.headerNavBarNavigationFeature(java.lang.String,java.lang.String)[pri:0, instance:selenium_tests.HeaderNavBarTests@10dc7d6] output={null}]]]>
              </value>
            </param>
          </params>
          <reporter-output>
          </reporter-output>
        </test-method> <!-- tearDown -->
        <test-method is-config="true" signature="launchBrowser(java.lang.String)[pri:0, instance:selenium_tests.HeaderNavBarTests@10dc7d6]" started-at="2023-03-21T00:45:17 CET" name="launchBrowser" finished-at="2023-03-21T00:45:19 CET" duration-ms="1993" status="PASS">
          <params>
            <param index="0">
              <value>
                <![CDATA[firefox]]>
              </value>
            </param>
          </params>
          <reporter-output>
          </reporter-output>
        </test-method> <!-- launchBrowser -->
        <test-method is-config="true" signature="initPageObjects()[pri:0, instance:selenium_tests.HeaderNavBarTests@10dc7d6]" started-at="2023-03-21T00:45:19 CET" name="initPageObjects" finished-at="2023-03-21T00:45:19 CET" duration-ms="1" status="PASS">
          <reporter-output>
          </reporter-output>
        </test-method> <!-- initPageObjects -->
        <test-method signature="headerNavBarNavigationFeature(java.lang.String,java.lang.String)[pri:0, instance:selenium_tests.HeaderNavBarTests@10dc7d6]" started-at="2023-03-21T00:45:19 CET" name="headerNavBarNavigationFeature" data-provider="menuItemsNavigationBar" finished-at="2023-03-21T00:45:20 CET" duration-ms="779" status="PASS">
          <params>
            <param index="0">
              <value>
                <![CDATA[Home]]>
              </value>
            </param>
            <param index="1">
              <value>
                <![CDATA[/]]>
              </value>
            </param>
          </params>
          <reporter-output>
          </reporter-output>
        </test-method> <!-- headerNavBarNavigationFeature -->
        <test-method is-config="true" signature="tearDown(org.testng.ITestResult)[pri:0, instance:selenium_tests.HeaderNavBarTests@10dc7d6]" started-at="2023-03-21T00:45:20 CET" name="tearDown" finished-at="2023-03-21T00:45:20 CET" duration-ms="791" status="PASS">
          <params>
            <param index="0">
              <value>
                <![CDATA[[TestResult name=headerNavBarNavigationFeature status=SUCCESS method=HeaderNavBarTests.headerNavBarNavigationFeature(java.lang.String,java.lang.String)[pri:0, instance:selenium_tests.HeaderNavBarTests@10dc7d6] output={null}]]]>
              </value>
            </param>
          </params>
          <reporter-output>
          </reporter-output>
        </test-method> <!-- tearDown -->
        <test-method is-config="true" signature="launchBrowser(java.lang.String)[pri:0, instance:selenium_tests.HeaderNavBarTests@10dc7d6]" started-at="2023-03-21T00:45:20 CET" name="launchBrowser" finished-at="2023-03-21T00:45:22 CET" duration-ms="1989" status="PASS">
          <params>
            <param index="0">
              <value>
                <![CDATA[firefox]]>
              </value>
            </param>
          </params>
          <reporter-output>
          </reporter-output>
        </test-method> <!-- launchBrowser -->
        <test-method is-config="true" signature="initPageObjects()[pri:0, instance:selenium_tests.HeaderNavBarTests@10dc7d6]" started-at="2023-03-21T00:45:22 CET" name="initPageObjects" finished-at="2023-03-21T00:45:22 CET" duration-ms="1" status="PASS">
          <reporter-output>
          </reporter-output>
        </test-method> <!-- initPageObjects -->
        <test-method signature="menuItemsShouldHaveTexts()[pri:0, instance:selenium_tests.HeaderNavBarTests@10dc7d6]" started-at="2023-03-21T00:45:22 CET" name="menuItemsShouldHaveTexts" finished-at="2023-03-21T00:45:23 CET" duration-ms="828" status="PASS">
          <reporter-output>
          </reporter-output>
        </test-method> <!-- menuItemsShouldHaveTexts -->
        <test-method is-config="true" signature="tearDown(org.testng.ITestResult)[pri:0, instance:selenium_tests.HeaderNavBarTests@10dc7d6]" started-at="2023-03-21T00:45:23 CET" name="tearDown" finished-at="2023-03-21T00:45:24 CET" duration-ms="801" status="PASS">
          <params>
            <param index="0">
              <value>
                <![CDATA[[TestResult name=menuItemsShouldHaveTexts status=SUCCESS method=HeaderNavBarTests.menuItemsShouldHaveTexts()[pri:0, instance:selenium_tests.HeaderNavBarTests@10dc7d6] output={null}]]]>
              </value>
            </param>
          </params>
          <reporter-output>
          </reporter-output>
        </test-method> <!-- tearDown -->
      </class> <!-- selenium_tests.HeaderNavBarTests -->
    </test> <!-- Header navigation bar tests -->
  </suite> <!-- TestSuite1 -->
</testng-results>
