<?xml version="1.0" encoding="UTF-8"?>
<testsuite xmlns:xsi="http://www.w3.org/2001/XMLSchema-instance" xsi:noNamespaceSchemaLocation="https://maven.apache.org/surefire/maven-surefire-plugin/xsd/surefire-test-report-3.0.xsd" version="3.0" name="TestSuite" time="13.212" tests="4" errors="0" skipped="0" failures="0">
  <properties>
[...]
</properties>
  <testcase name="addFeaturedProductsToCart" classname="selenium_tests.HomePageTests" time="4.117">
    <system-out><![CDATA[chrome BeforeMethod CURRENT THREAD: 38, DRIVER = ChromeDriver: chrome on MAC (53005beb2fd77633b958fc440954f637)
]]></system-out>
    <system-err><![CDATA[[TestNG-tests-1] INFO io.github.bonigarcia.wdm.WebDriverManager - Using chromedriver 109.0.5414.74 (resolved driver for Chrome 109)
[TestNG-tests-1] INFO io.github.bonigarcia.wdm.WebDriverManager - Exporting webdriver.chrome.driver as Drivers/chromedriver/mac64/109.0.5414.74/chromedriver
Starting ChromeDriver 109.0.5414.74 (e7c5703604daa9cc128ccf5a5d3e993513758913-refs/branch-heads/5414@{#1172}) on port 34769
Only local connections are allowed.
Please see https://chromedriver.chromium.org/security-considerations for suggestions on keeping ChromeDriver safe.
ChromeDriver was started successfully.
Jan 22, 2023 3:22:30 PM org.openqa.selenium.devtools.CdpVersionFinder findNearestMatch
WARNING: Unable to find an exact match for CDP version 109, so returning the closest version found: 108
]]></system-err>
  </testcase>
  <testcase name="commercialInfoToBeVisible" classname="selenium_tests.HomePageTests" time="1.119">
    <system-out><![CDATA[AfterMethod CURRENT THREAD: 38, DRIVER = ChromeDriver: chrome on MAC (53005beb2fd77633b958fc440954f637)
chrome BeforeMethod CURRENT THREAD: 38, DRIVER = ChromeDriver: chrome on MAC (08c21a3d1be4a35b2c3988daeae298ac)
]]></system-out>
    <system-err><![CDATA[[TestNG-tests-1] INFO io.github.bonigarcia.wdm.WebDriverManager - Using chromedriver 109.0.5414.74 (resolved driver for Chrome 109)
[TestNG-tests-1] INFO io.github.bonigarcia.wdm.WebDriverManager - Exporting webdriver.chrome.driver as Drivers/chromedriver/mac64/109.0.5414.74/chromedriver
Starting ChromeDriver 109.0.5414.74 (e7c5703604daa9cc128ccf5a5d3e993513758913-refs/branch-heads/5414@{#1172}) on port 41649
Only local connections are allowed.
Please see https://chromedriver.chromium.org/security-considerations for suggestions on keeping ChromeDriver safe.
ChromeDriver was started successfully.
Jan 22, 2023 3:22:35 PM org.openqa.selenium.devtools.CdpVersionFinder findNearestMatch
WARNING: Unable to find an exact match for CDP version 109, so returning the closest version found: 108
]]></system-err>
  </testcase>
  <testcase name="featuredProductsToBeVisible" classname="selenium_tests.HomePageTests" time="1.19">
    <system-out><![CDATA[AfterMethod CURRENT THREAD: 38, DRIVER = ChromeDriver: chrome on MAC (08c21a3d1be4a35b2c3988daeae298ac)
chrome BeforeMethod CURRENT THREAD: 38, DRIVER = ChromeDriver: chrome on MAC (e98a82a530740eb564f726ee6b064259)
]]></system-out>
    <system-err><![CDATA[[TestNG-tests-1] INFO io.github.bonigarcia.wdm.WebDriverManager - Using chromedriver 109.0.5414.74 (resolved driver for Chrome 109)
[TestNG-tests-1] INFO io.github.bonigarcia.wdm.WebDriverManager - Exporting webdriver.chrome.driver as Drivers/chromedriver/mac64/109.0.5414.74/chromedriver
Starting ChromeDriver 109.0.5414.74 (e7c5703604daa9cc128ccf5a5d3e993513758913-refs/branch-heads/5414@{#1172}) on port 3653
Only local connections are allowed.
Please see https://chromedriver.chromium.org/security-considerations for suggestions on keeping ChromeDriver safe.
ChromeDriver was started successfully.
Jan 22, 2023 3:22:37 PM org.openqa.selenium.devtools.CdpVersionFinder findNearestMatch
WARNING: Unable to find an exact match for CDP version 109, so returning the closest version found: 108
]]></system-err>
  </testcase>
  <testcase name="findMoreButtonNavigation" classname="selenium_tests.HomePageTests" time="1.534">
    <system-out><![CDATA[AfterMethod CURRENT THREAD: 38, DRIVER = ChromeDriver: chrome on MAC (e98a82a530740eb564f726ee6b064259)
chrome BeforeMethod CURRENT THREAD: 38, DRIVER = ChromeDriver: chrome on MAC (3e86cc06890fce9fdb5932b37e76f24e)
]]></system-out>
    <system-err><![CDATA[[TestNG-tests-1] INFO io.github.bonigarcia.wdm.WebDriverManager - Using chromedriver 109.0.5414.74 (resolved driver for Chrome 109)
[TestNG-tests-1] INFO io.github.bonigarcia.wdm.WebDriverManager - Exporting webdriver.chrome.driver as Drivers/chromedriver/mac64/109.0.5414.74/chromedriver
Starting ChromeDriver 109.0.5414.74 (e7c5703604daa9cc128ccf5a5d3e993513758913-refs/branch-heads/5414@{#1172}) on port 23561
Only local connections are allowed.
Please see https://chromedriver.chromium.org/security-considerations for suggestions on keeping ChromeDriver safe.
ChromeDriver was started successfully.
Jan 22, 2023 3:22:38 PM org.openqa.selenium.devtools.CdpVersionFinder findNearestMatch
WARNING: Unable to find an exact match for CDP version 109, so returning the closest version found: 108
]]></system-err>
  </testcase>
</testsuite>