<?xml version="1.0" encoding="UTF-8"?>
<!-- Generated by org.testng.reporters.JUnitXMLReporter -->
<testsuite ignored="0" hostname="Oscars-MacBook-Pro.local" failures="0" tests="3" name="Cart page tests" time="19.364" errors="0" timestamp="2023-01-22T22:21:22 CET">
  <testcase classname="selenium_tests.CartPageTests" name="expectErrorMessageIfEnteringInvalidCouponCode" time="5.592"/>
  <testcase classname="selenium_tests.CartPageTests" name="increaseItemQuantityFeature" time="4.499"/>
  <testcase classname="selenium_tests.CartPageTests" name="removeAndRestoreItemsFromCartFeature" time="4.424"/>
</testsuite> <!-- Cart page tests -->
