<?xml version="1.0" encoding="UTF-8"?>
<!-- Generated by org.testng.reporters.JUnitXMLReporter -->
<testsuite ignored="0" hostname="Oscars-MacBook-Pro.local" failures="0" tests="4" name="Checkout page tests" time="2.278" errors="0" timestamp="2023-03-21T00:44:48 CET">
  <testcase classname="selenium_tests.CheckoutPageTests" name="createAnAccountFormFeature" time="0.0">
    <skipped/>
  </testcase> <!-- createAnAccountFormFeature -->
  <testcase classname="selenium_tests.CheckoutPageTests" name="requiredFieldsFeature" time="0.0">
    <skipped/>
  </testcase> <!-- requiredFieldsFeature -->
  <testcase classname="selenium_tests.CheckoutPageTests" name="shipToADifferentAddressFeature" time="0.0">
    <skipped/>
  </testcase> <!-- shipToADifferentAddressFeature -->
  <testcase classname="selenium_tests.CheckoutPageTests" name="thePlaceOrderButtonShouldHaveVisibleText" time="0.0">
    <skipped/>
  </testcase> <!-- thePlaceOrderButtonShouldHaveVisibleText -->
</testsuite> <!-- Checkout page tests -->
