<?xml version="1.0" encoding="UTF-8"?>
<!-- Generated by org.testng.reporters.JUnitXMLReporter -->
<testsuite ignored="0" hostname="Oscars-MacBook-Pro.local" failures="0" tests="9" name="Header navigation bar tests" time="46.521" errors="0" timestamp="2023-01-22T22:21:36 CET">
  <testcase classname="selenium_tests.HeaderNavBarTests" name="headerNavBarNavigationFeature" time="2.134"/>
  <testcase classname="selenium_tests.HeaderNavBarTests" name="headerNavBarNavigationFeature" time="1.525"/>
  <testcase classname="selenium_tests.HeaderNavBarTests" name="headerNavBarNavigationFeature" time="1.577"/>
  <testcase classname="selenium_tests.HeaderNavBarTests" name="headerNavBarNavigationFeature" time="1.961"/>
  <testcase classname="selenium_tests.HeaderNavBarTests" name="headerNavBarNavigationFeature" time="1.789"/>
  <testcase classname="selenium_tests.HeaderNavBarTests" name="headerNavBarNavigationFeature" time="1.495"/>
  <testcase classname="selenium_tests.HeaderNavBarTests" name="headerNavBarNavigationFeature" time="2.154"/>
  <testcase classname="selenium_tests.HeaderNavBarTests" name="headerNavBarNavigationFeature" time="0.824"/>
  <testcase classname="selenium_tests.HeaderNavBarTests" name="menuItemsShouldHaveTexts" time="0.875"/>
</testsuite> <!-- Header navigation bar tests -->
