<?xml version="1.0" encoding="UTF-8"?>
<!-- Generated by org.testng.reporters.JUnitXMLReporter -->
<testsuite ignored="0" hostname="Oscars-MacBook-Pro.local" failures="0" tests="6" name="Store page tests" time="10.151" errors="0" timestamp="2023-03-21T00:44:46 CET">
  <testcase classname="selenium_tests.StorePageTests" name="addProductToCartFeature" time="0.001">
    <skipped/>
  </testcase> <!-- addProductToCartFeature -->
  <testcase classname="selenium_tests.StorePageTests" name="addToCartButtonsShouldHaveVisibleText" time="0.0">
    <skipped/>
  </testcase> <!-- addToCartButtonsShouldHaveVisibleText -->
  <testcase classname="selenium_tests.StorePageTests" name="browseByCategoryFeature" time="0.0">
    <skipped/>
  </testcase> <!-- browseByCategoryFeature -->
  <testcase classname="selenium_tests.StorePageTests" name="noItemsInCartWidgetFeature" time="0.0">
    <skipped/>
  </testcase> <!-- noItemsInCartWidgetFeature -->
  <testcase classname="selenium_tests.StorePageTests" name="searchFeature" time="0.0">
    <skipped/>
  </testcase> <!-- searchFeature -->
  <testcase classname="selenium_tests.StorePageTests" name="sortProductsFeature" time="0.0">
    <skipped/>
  </testcase> <!-- sortProductsFeature -->
</testsuite> <!-- Store page tests -->
